This is pdfTeX, Version 3.14159265-2.6-1.40.19 (MiKTeX 2.9.6730) (preloaded format=pdflatex 2018.8.7)  8 FEB 2019 10:50
entering extended mode
**./SS330_User_Manual.tex
(SS330_User_Manual.tex
LaTeX2e <2018-04-01> patch level 5
("C:\Program Files (x86)\MiKTeX 2.9\tex\latex\base\article.cls"
Document Class: article 2014/09/29 v1.4h Standard LaTeX document class
("C:\Program Files (x86)\MiKTeX 2.9\tex\latex\base\size12.clo"
File: size12.clo 2014/09/29 v1.4h Standard LaTeX file (size option)
)
\c@part=\count80
\c@section=\count81
\c@subsection=\count82
\c@subsubsection=\count83
\c@paragraph=\count84
\c@subparagraph=\count85
\c@figure=\count86
\c@table=\count87
\abovecaptionskip=\skip41
\belowcaptionskip=\skip42
\bibindent=\dimen102
)
(C:\Users\Chantel.Wetzel\AppData\Roaming\MiKTeX\2.9\tex\latex\natbib\natbib.sty
Package: natbib 2010/09/13 8.31b (PWD, AO)
\bibhang=\skip43
\bibsep=\skip44
LaTeX Info: Redefining \cite on input line 694.
\c@NAT@ctr=\count88
)
(C:\Users\Chantel.Wetzel\AppData\Roaming\MiKTeX\2.9\tex\latex\lipsum\lipsum.sty
Package: lipsum 2014/07/27 v1.3 150 paragraphs of Lorem Ipsum dummy text
\c@lips@count=\count89
) ("C:\Program Files (x86)\MiKTeX 2.9\tex\latex\tools\multicol.sty"
Package: multicol 2018/04/20 v1.8s multicolumn formatting (FMi)
\c@tracingmulticols=\count90
\mult@box=\box26
\multicol@leftmargin=\dimen103
\c@unbalance=\count91
\c@collectmore=\count92
\doublecol@number=\count93
\multicoltolerance=\count94
\multicolpretolerance=\count95
\full@width=\dimen104
\page@free=\dimen105
\premulticols=\dimen106
\postmulticols=\dimen107
\multicolsep=\skip45
\multicolbaselineskip=\skip46
\partial@page=\box27
\last@line=\box28
\maxbalancingoverflow=\dimen108
\mult@rightbox=\box29
\mult@grightbox=\box30
\mult@gfirstbox=\box31
\mult@firstbox=\box32
\@tempa=\box33
\@tempa=\box34
\@tempa=\box35
\@tempa=\box36
\@tempa=\box37
\@tempa=\box38
\@tempa=\box39
\@tempa=\box40
\@tempa=\box41
\@tempa=\box42
\@tempa=\box43
\@tempa=\box44
\@tempa=\box45
\@tempa=\box46
\@tempa=\box47
\@tempa=\box48
\@tempa=\box49
\c@columnbadness=\count96
\c@finalcolumnbadness=\count97
\last@try=\dimen109
\multicolovershoot=\dimen110
\multicolundershoot=\dimen111
\mult@nat@firstbox=\box50
\colbreak@box=\box51
\mc@col@check@num=\count98
)
("C:\Program Files (x86)\MiKTeX 2.9\tex\latex\geometry\geometry.sty"
Package: geometry 2018/04/16 v5.8 Page Geometry

("C:\Program Files (x86)\MiKTeX 2.9\tex\latex\graphics\keyval.sty"
Package: keyval 2014/10/28 v1.15 key=value parser (DPC)
\KV@toks@=\toks14
)
("C:\Program Files (x86)\MiKTeX 2.9\tex\generic\oberdiek\ifpdf.sty"
Package: ifpdf 2017/03/15 v3.2 Provides the ifpdf switch
)
("C:\Program Files (x86)\MiKTeX 2.9\tex\generic\oberdiek\ifvtex.sty"
Package: ifvtex 2016/05/16 v1.6 Detect VTeX and its facilities (HO)
Package ifvtex Info: VTeX not detected.
)
("C:\Program Files (x86)\MiKTeX 2.9\tex\generic\ifxetex\ifxetex.sty"
Package: ifxetex 2010/09/12 v0.6 Provides ifxetex conditional
)
\Gm@cnth=\count99
\Gm@cntv=\count100
\c@Gm@tempcnt=\count101
\Gm@bindingoffset=\dimen112
\Gm@wd@mp=\dimen113
\Gm@odd@mp=\dimen114
\Gm@even@mp=\dimen115
\Gm@layoutwidth=\dimen116
\Gm@layoutheight=\dimen117
\Gm@layouthoffset=\dimen118
\Gm@layoutvoffset=\dimen119
\Gm@dimlist=\toks15

("C:\Program Files (x86)\MiKTeX 2.9\tex\latex\geometry\geometry.cfg"))
("C:\Program Files (x86)\MiKTeX 2.9\tex\latex\graphics\graphicx.sty"
Package: graphicx 2017/06/01 v1.1a Enhanced LaTeX Graphics (DPC,SPQR)

("C:\Program Files (x86)\MiKTeX 2.9\tex\latex\graphics\graphics.sty"
Package: graphics 2017/06/25 v1.2c Standard LaTeX Graphics (DPC,SPQR)

("C:\Program Files (x86)\MiKTeX 2.9\tex\latex\graphics\trig.sty"
Package: trig 2016/01/03 v1.10 sin cos tan (DPC)
)
("C:\Program Files (x86)\MiKTeX 2.9\tex\latex\graphics-cfg\graphics.cfg"
File: graphics.cfg 2016/06/04 v1.11 sample graphics configuration
)
Package graphics Info: Driver file: pdftex.def on input line 99.

("C:\Program Files (x86)\MiKTeX 2.9\tex\latex\graphics-def\pdftex.def"
File: pdftex.def 2018/01/08 v1.0l Graphics/color driver for pdftex
))
\Gin@req@height=\dimen120
\Gin@req@width=\dimen121
)
("C:\Program Files (x86)\MiKTeX 2.9\tex\latex\hyperref\hyperref.sty"
Package: hyperref 2018/02/06 v6.86b Hypertext links for LaTeX

("C:\Program Files (x86)\MiKTeX 2.9\tex\generic\oberdiek\hobsub-hyperref.sty"
Package: hobsub-hyperref 2016/05/16 v1.14 Bundle oberdiek, subset hyperref (HO)


("C:\Program Files (x86)\MiKTeX 2.9\tex\generic\oberdiek\hobsub-generic.sty"
Package: hobsub-generic 2016/05/16 v1.14 Bundle oberdiek, subset generic (HO)
Package: hobsub 2016/05/16 v1.14 Construct package bundles (HO)
Package: infwarerr 2016/05/16 v1.4 Providing info/warning/error messages (HO)
Package: ltxcmds 2016/05/16 v1.23 LaTeX kernel commands for general use (HO)
Package: ifluatex 2016/05/16 v1.4 Provides the ifluatex switch (HO)
Package ifluatex Info: LuaTeX not detected.
Package hobsub Info: Skipping package `ifvtex' (already loaded).
Package: intcalc 2016/05/16 v1.2 Expandable calculations with integers (HO)
Package hobsub Info: Skipping package `ifpdf' (already loaded).
Package: etexcmds 2016/05/16 v1.6 Avoid name clashes with e-TeX commands (HO)
Package etexcmds Info: Could not find \expanded.
(etexcmds)             That can mean that you are not using pdfTeX 1.50 or
(etexcmds)             that some package has redefined \expanded.
(etexcmds)             In the latter case, load this package earlier.
Package: kvsetkeys 2016/05/16 v1.17 Key value parser (HO)
Package: kvdefinekeys 2016/05/16 v1.4 Define keys (HO)
Package: pdftexcmds 2018/01/30 v0.27 Utility functions of pdfTeX for LuaTeX (HO
)
Package pdftexcmds Info: LuaTeX not detected.
Package pdftexcmds Info: \pdf@primitive is available.
Package pdftexcmds Info: \pdf@ifprimitive is available.
Package pdftexcmds Info: \pdfdraftmode found.
Package: pdfescape 2016/05/16 v1.14 Implements pdfTeX's escape features (HO)
Package: bigintcalc 2016/05/16 v1.4 Expandable calculations on big integers (HO
)
Package: bitset 2016/05/16 v1.2 Handle bit-vector datatype (HO)
Package: uniquecounter 2016/05/16 v1.3 Provide unlimited unique counter (HO)
)
Package hobsub Info: Skipping package `hobsub' (already loaded).
Package: letltxmacro 2016/05/16 v1.5 Let assignment for LaTeX macros (HO)
Package: hopatch 2016/05/16 v1.3 Wrapper for package hooks (HO)
Package: xcolor-patch 2016/05/16 xcolor patch
Package: atveryend 2016/05/16 v1.9 Hooks at the very end of document (HO)
Package atveryend Info: \enddocument detected (standard20110627).
Package: atbegshi 2016/06/09 v1.18 At begin shipout hook (HO)
Package: refcount 2016/05/16 v3.5 Data extraction from label references (HO)
Package: hycolor 2016/05/16 v1.8 Color options for hyperref/bookmark (HO)
)
("C:\Program Files (x86)\MiKTeX 2.9\tex\latex\oberdiek\auxhook.sty"
Package: auxhook 2016/05/16 v1.4 Hooks for auxiliary files (HO)
)
("C:\Program Files (x86)\MiKTeX 2.9\tex\latex\oberdiek\kvoptions.sty"
Package: kvoptions 2016/05/16 v3.12 Key value format for package options (HO)
)
\@linkdim=\dimen122
\Hy@linkcounter=\count102
\Hy@pagecounter=\count103

("C:\Program Files (x86)\MiKTeX 2.9\tex\latex\hyperref\pd1enc.def"
File: pd1enc.def 2018/02/06 v6.86b Hyperref: PDFDocEncoding definition (HO)
Now handling font encoding PD1 ...
... no UTF-8 mapping file for font encoding PD1
)
\Hy@SavedSpaceFactor=\count104

("C:\Program Files (x86)\MiKTeX 2.9\tex\latex\00miktex\hyperref.cfg"
File: hyperref.cfg 2002/06/06 v1.2 hyperref configuration of TeXLive
)
Package hyperref Info: Hyper figures OFF on input line 4509.
Package hyperref Info: Link nesting OFF on input line 4514.
Package hyperref Info: Hyper index ON on input line 4517.
Package hyperref Info: Plain pages OFF on input line 4524.
Package hyperref Info: Backreferencing OFF on input line 4529.
Package hyperref Info: Implicit mode ON; LaTeX internals redefined.
Package hyperref Info: Bookmarks ON on input line 4762.
\c@Hy@tempcnt=\count105

(C:\Users\Chantel.Wetzel\AppData\Roaming\MiKTeX\2.9\tex\latex\url\url.sty
\Urlmuskip=\muskip10
Package: url 2013/09/16  ver 3.4  Verb mode for urls, etc.
)
LaTeX Info: Redefining \url on input line 5115.
\XeTeXLinkMargin=\dimen123
\Fld@menulength=\count106
\Field@Width=\dimen124
\Fld@charsize=\dimen125
Package hyperref Info: Hyper figures OFF on input line 6369.
Package hyperref Info: Link nesting OFF on input line 6374.
Package hyperref Info: Hyper index ON on input line 6377.
Package hyperref Info: backreferencing OFF on input line 6384.
Package hyperref Info: Link coloring OFF on input line 6389.
Package hyperref Info: Link coloring with OCG OFF on input line 6394.
Package hyperref Info: PDF/A mode OFF on input line 6399.
LaTeX Info: Redefining \ref on input line 6439.
LaTeX Info: Redefining \pageref on input line 6443.
\Hy@abspage=\count107
\c@Item=\count108
\c@Hfootnote=\count109
)
Package hyperref Info: Driver (autodetected): hpdftex.

("C:\Program Files (x86)\MiKTeX 2.9\tex\latex\hyperref\hpdftex.def"
File: hpdftex.def 2018/02/06 v6.86b Hyperref driver for pdfTeX
\Fld@listcount=\count110
\c@bookmark@seq@number=\count111

("C:\Program Files (x86)\MiKTeX 2.9\tex\latex\oberdiek\rerunfilecheck.sty"
Package: rerunfilecheck 2016/05/16 v1.8 Rerun checks for auxiliary files (HO)
Package uniquecounter Info: New unique counter `rerunfilecheck' on input line 2
82.
)
\Hy@SectionHShift=\skip47
)
("C:\Program Files (x86)\MiKTeX 2.9\tex\latex\multirow\multirow.sty"
Package: multirow 2016/11/25 v2.2 Span multiple rows of a table
\multirow@colwidth=\skip48
\multirow@cntb=\count112
\multirow@dima=\skip49
\bigstrutjot=\dimen126
)
(C:\Users\Chantel.Wetzel\AppData\Roaming\MiKTeX\2.9\tex\latex\booktabs\booktabs
.sty
Package: booktabs 2005/04/14 v1.61803 publication quality tables
\heavyrulewidth=\dimen127
\lightrulewidth=\dimen128
\cmidrulewidth=\dimen129
\belowrulesep=\dimen130
\belowbottomsep=\dimen131
\aboverulesep=\dimen132
\abovetopsep=\dimen133
\cmidrulesep=\dimen134
\cmidrulekern=\dimen135
\defaultaddspace=\dimen136
\@cmidla=\count113
\@cmidlb=\count114
\@aboverulesep=\dimen137
\@belowrulesep=\dimen138
\@thisruleclass=\count115
\@lastruleclass=\count116
\@thisrulewidth=\dimen139
) ("C:\Program Files (x86)\MiKTeX 2.9\tex\latex\base\fontenc.sty"
Package: fontenc 2017/04/05 v2.0i Standard LaTeX package

("C:\Program Files (x86)\MiKTeX 2.9\tex\latex\base\t1enc.def"
File: t1enc.def 2017/04/05 v2.0i Standard LaTeX file
LaTeX Font Info:    Redeclaring font encoding T1 on input line 48.
))
("C:\Program Files (x86)\MiKTeX 2.9\tex\latex\lm\lmodern.sty"
Package: lmodern 2009/10/30 v1.6 Latin Modern Fonts
LaTeX Font Info:    Overwriting symbol font `operators' in version `normal'
(Font)                  OT1/cmr/m/n --> OT1/lmr/m/n on input line 22.
LaTeX Font Info:    Overwriting symbol font `letters' in version `normal'
(Font)                  OML/cmm/m/it --> OML/lmm/m/it on input line 23.
LaTeX Font Info:    Overwriting symbol font `symbols' in version `normal'
(Font)                  OMS/cmsy/m/n --> OMS/lmsy/m/n on input line 24.
LaTeX Font Info:    Overwriting symbol font `largesymbols' in version `normal'
(Font)                  OMX/cmex/m/n --> OMX/lmex/m/n on input line 25.
LaTeX Font Info:    Overwriting symbol font `operators' in version `bold'
(Font)                  OT1/cmr/bx/n --> OT1/lmr/bx/n on input line 26.
LaTeX Font Info:    Overwriting symbol font `letters' in version `bold'
(Font)                  OML/cmm/b/it --> OML/lmm/b/it on input line 27.
LaTeX Font Info:    Overwriting symbol font `symbols' in version `bold'
(Font)                  OMS/cmsy/b/n --> OMS/lmsy/b/n on input line 28.
LaTeX Font Info:    Overwriting symbol font `largesymbols' in version `bold'
(Font)                  OMX/cmex/m/n --> OMX/lmex/m/n on input line 29.
LaTeX Font Info:    Overwriting math alphabet `\mathbf' in version `normal'
(Font)                  OT1/cmr/bx/n --> OT1/lmr/bx/n on input line 31.
LaTeX Font Info:    Overwriting math alphabet `\mathsf' in version `normal'
(Font)                  OT1/cmss/m/n --> OT1/lmss/m/n on input line 32.
LaTeX Font Info:    Overwriting math alphabet `\mathit' in version `normal'
(Font)                  OT1/cmr/m/it --> OT1/lmr/m/it on input line 33.
LaTeX Font Info:    Overwriting math alphabet `\mathtt' in version `normal'
(Font)                  OT1/cmtt/m/n --> OT1/lmtt/m/n on input line 34.
LaTeX Font Info:    Overwriting math alphabet `\mathbf' in version `bold'
(Font)                  OT1/cmr/bx/n --> OT1/lmr/bx/n on input line 35.
LaTeX Font Info:    Overwriting math alphabet `\mathsf' in version `bold'
(Font)                  OT1/cmss/bx/n --> OT1/lmss/bx/n on input line 36.
LaTeX Font Info:    Overwriting math alphabet `\mathit' in version `bold'
(Font)                  OT1/cmr/bx/it --> OT1/lmr/bx/it on input line 37.
LaTeX Font Info:    Overwriting math alphabet `\mathtt' in version `bold'
(Font)                  OT1/cmtt/m/n --> OT1/lmtt/m/n on input line 38.
)
(C:\Users\Chantel.Wetzel\AppData\Roaming\MiKTeX\2.9\tex\latex\hyphenat\hyphenat
.sty
Package: hyphenat 2009/09/02 v2.3c hyphenation utilities
\langwohyphens=\language76
LaTeX Info: Redefining \_ on input line 43.
) ("C:\Program Files (x86)\MiKTeX 2.9\tex\latex\tools\array.sty"
Package: array 2018/04/30 v2.4h Tabular extension package (FMi)
\col@sep=\dimen140
\ar@mcellbox=\box52
\extrarowheight=\dimen141
\NC@list=\toks16
\extratabsurround=\skip50
\backup@length=\skip51
\ar@cellbox=\box53
)
("C:\Program Files (x86)\MiKTeX 2.9\tex\latex\graphics\lscape.sty"
Package: lscape 2000/10/22 v3.01 Landscape Pages (DPC)
)
("C:\Program Files (x86)\MiKTeX 2.9\tex\latex\oberdiek\pdflscape.sty"
Package: pdflscape 2016/05/14 v0.11 Display of landscape pages in PDF (HO)
Package pdflscape Info: Auto-detected driver: pdftex on input line 81.
)
("C:\Program Files (x86)\MiKTeX 2.9\tex\latex\tools\longtable.sty"
Package: longtable 2014/10/28 v4.11 Multi-page Table package (DPC)
\LTleft=\skip52
\LTright=\skip53
\LTpre=\skip54
\LTpost=\skip55
\LTchunksize=\count117
\LTcapwidth=\dimen142
\LT@head=\box54
\LT@firsthead=\box55
\LT@foot=\box56
\LT@lastfoot=\box57
\LT@cols=\count118
\LT@rows=\count119
\c@LT@tables=\count120
\c@LT@chunks=\count121
\LT@p@ftn=\toks17
)
("C:\Program Files (x86)\MiKTeX 2.9\tex\latex\base\inputenc.sty"
Package: inputenc 2018/04/06 v1.3b Input encoding file
\inpenc@prehook=\toks18
\inpenc@posthook=\toks19
)
("C:\Program Files (x86)\MiKTeX 2.9\tex\generic\babel\babel.sty"
Package: babel 2018/06/05 3.22 The Babel package

("C:\Program Files (x86)\MiKTeX 2.9\tex\generic\babel\switch.def"
File: switch.def 2018/06/05 3.22 Babel switching mechanism
)
*************************************
* Local config file bblopts.cfg used
*
("C:\Users\Chantel.Wetzel\Documents\MiKTeX 2.9\tex\latex\arabi\bblopts.cfg"
File: bblopts.cfg 2005/09/08 v0.1 add Arabic and Farsi to "declared" options of
 babel
)
("C:\Program Files (x86)\MiKTeX 2.9\tex\latex\babel-english\english.ldf"
Language: english 2017/06/06 v3.3r English support from the babel system

("C:\Program Files (x86)\MiKTeX 2.9\tex\generic\babel\babel.def"
File: babel.def 2018/06/05 3.22 Babel common definitions
\babel@savecnt=\count122
\U@D=\dimen143

("C:\Program Files (x86)\MiKTeX 2.9\tex\generic\babel\txtbabel.def")
\bbl@dirlevel=\count123
)
\l@canadian = a dialect from \language\l@american 
\l@australian = a dialect from \language\l@british 
\l@newzealand = a dialect from \language\l@british 
))
(C:\Users\Chantel.Wetzel\AppData\Roaming\MiKTeX\2.9\tex\latex\xcolor\xcolor.sty
Package: xcolor 2016/05/11 v2.12 LaTeX color extensions (UK)
("C:\Program Files (x86)\MiKTeX 2.9\tex\latex\graphics-cfg\color.cfg"
File: color.cfg 2016/01/02 v1.6 sample color configuration
)
Package xcolor Info: Driver file: pdftex.def on input line 225.

(C:\Users\Chantel.Wetzel\AppData\Roaming\MiKTeX\2.9\tex\latex\colortbl\colortbl
.sty
Package: colortbl 2012/02/13 v1.0a Color table columns (DPC)
\everycr=\toks20
\minrowclearance=\skip56
)
\rownum=\count124
Package xcolor Info: Model `cmy' substituted by `cmy0' on input line 1348.
Package xcolor Info: Model `hsb' substituted by `rgb' on input line 1352.
Package xcolor Info: Model `RGB' extended on input line 1364.
Package xcolor Info: Model `HTML' substituted by `rgb' on input line 1366.
Package xcolor Info: Model `Hsb' substituted by `hsb' on input line 1367.
Package xcolor Info: Model `tHsb' substituted by `hsb' on input line 1368.
Package xcolor Info: Model `HSB' substituted by `hsb' on input line 1369.
Package xcolor Info: Model `Gray' substituted by `gray' on input line 1370.
Package xcolor Info: Model `wave' substituted by `hsb' on input line 1371.
) ("C:\Program Files (x86)\MiKTeX 2.9\tex\latex\tools\hhline.sty"
Package: hhline 2014/10/28 v2.03 Table rule package (DPC)
)
("C:\Program Files (x86)\MiKTeX 2.9\tex\latex\tools\dcolumn.sty"
Package: dcolumn 2014/10/28 v1.06 decimal alignment package (DPC)
)
(C:\Users\Chantel.Wetzel\AppData\Roaming\MiKTeX\2.9\tex\latex\tocloft\tocloft.s
ty
Package: tocloft 2017/08/31 v2.3i parameterised ToC, etc., typesetting
Package tocloft Info: The document has section divisions on input line 51.
\cftparskip=\skip57
\cftbeforetoctitleskip=\skip58
\cftaftertoctitleskip=\skip59
\cftbeforepartskip=\skip60
\cftpartnumwidth=\skip61
\cftpartindent=\skip62
\cftbeforesecskip=\skip63
\cftsecindent=\skip64
\cftsecnumwidth=\skip65
\cftbeforesubsecskip=\skip66
\cftsubsecindent=\skip67
\cftsubsecnumwidth=\skip68
\cftbeforesubsubsecskip=\skip69
\cftsubsubsecindent=\skip70
\cftsubsubsecnumwidth=\skip71
\cftbeforeparaskip=\skip72
\cftparaindent=\skip73
\cftparanumwidth=\skip74
\cftbeforesubparaskip=\skip75
\cftsubparaindent=\skip76
\cftsubparanumwidth=\skip77
\cftbeforeloftitleskip=\skip78
\cftafterloftitleskip=\skip79
\cftbeforefigskip=\skip80
\cftfigindent=\skip81
\cftfignumwidth=\skip82
\c@lofdepth=\count125
\c@lotdepth=\count126
\cftbeforelottitleskip=\skip83
\cftafterlottitleskip=\skip84
\cftbeforetabskip=\skip85
\cfttabindent=\skip86
\cfttabnumwidth=\skip87
) ("C:\Program Files (x86)\MiKTeX 2.9\tex\latex\oberdiek\hypcap.sty"
Package: hypcap 2016/05/16 v1.12 Adjusting the anchors of captions (HO)
)
("C:\Program Files (x86)\MiKTeX 2.9\tex\latex\amsmath\amsmath.sty"
Package: amsmath 2017/09/02 v2.17a AMS math features
\@mathmargin=\skip88

For additional information on amsmath, use the `?' option.
("C:\Program Files (x86)\MiKTeX 2.9\tex\latex\amsmath\amstext.sty"
Package: amstext 2000/06/29 v2.01 AMS text

("C:\Program Files (x86)\MiKTeX 2.9\tex\latex\amsmath\amsgen.sty"
File: amsgen.sty 1999/11/30 v2.0 generic functions
\@emptytoks=\toks21
\ex@=\dimen144
))
("C:\Program Files (x86)\MiKTeX 2.9\tex\latex\amsmath\amsbsy.sty"
Package: amsbsy 1999/11/29 v1.2d Bold Symbols
\pmbraise@=\dimen145
)
("C:\Program Files (x86)\MiKTeX 2.9\tex\latex\amsmath\amsopn.sty"
Package: amsopn 2016/03/08 v2.02 operator names
)
\inf@bad=\count127
LaTeX Info: Redefining \frac on input line 213.
\uproot@=\count128
\leftroot@=\count129
LaTeX Info: Redefining \overline on input line 375.
\classnum@=\count130
\DOTSCASE@=\count131
LaTeX Info: Redefining \ldots on input line 472.
LaTeX Info: Redefining \dots on input line 475.
LaTeX Info: Redefining \cdots on input line 596.
\Mathstrutbox@=\box58
\strutbox@=\box59
\big@size=\dimen146
LaTeX Font Info:    Redeclaring font encoding OML on input line 712.
LaTeX Font Info:    Redeclaring font encoding OMS on input line 713.
\macc@depth=\count132
\c@MaxMatrixCols=\count133
\dotsspace@=\muskip11
\c@parentequation=\count134
\dspbrk@lvl=\count135
\tag@help=\toks22
\row@=\count136
\column@=\count137
\maxfields@=\count138
\andhelp@=\toks23
\eqnshift@=\dimen147
\alignsep@=\dimen148
\tagshift@=\dimen149
\tagwidth@=\dimen150
\totwidth@=\dimen151
\lineht@=\dimen152
\@envbody=\toks24
\multlinegap=\skip89
\multlinetaggap=\skip90
\mathdisplay@stack=\toks25
LaTeX Info: Redefining \[ on input line 2817.
LaTeX Info: Redefining \] on input line 2818.
)
("C:\Program Files (x86)\MiKTeX 2.9\tex\latex\float\float.sty"
Package: float 2001/11/08 v1.3d Float enhancements (AL)
\c@float@type=\count139
\float@exts=\toks26
\float@box=\box60
\@float@everytoks=\toks27
\@floatcapt=\box61
)
(C:\Users\Chantel.Wetzel\AppData\Roaming\MiKTeX\2.9\tex\latex\fancyhdr\fancyhdr
.sty
Package: fancyhdr 2016/09/06 3.8 Extensive control of page headers and footers
\fancy@headwidth=\skip91
\f@ncyO@elh=\skip92
\f@ncyO@erh=\skip93
\f@ncyO@olh=\skip94
\f@ncyO@orh=\skip95
\f@ncyO@elf=\skip96
\f@ncyO@erf=\skip97
\f@ncyO@olf=\skip98
\f@ncyO@orf=\skip99
)
("C:\Users\Chantel.Wetzel\Documents\MiKTeX 2.9\tex\latex\parskip\parskip.sty"
Package: parskip 2001/04/09 non-zero parskip adjustments


LaTeX Warning: Command \@starttoc  has changed.
               Check if current package is valid.

) ("C:\Users\Chantel.Wetzel\Documents\MiKTeX 2.9\tex\latex\roboto\roboto.sty"
Package: roboto 2017/04/10 (Bob Tennent) Supports Roboto fonts for all LaTeX en
gines.

("C:\Program Files (x86)\MiKTeX 2.9\tex\latex\xkeyval\xkeyval.sty"
Package: xkeyval 2014/12/03 v2.7a package option processing (HA)

("C:\Program Files (x86)\MiKTeX 2.9\tex\generic\xkeyval\xkeyval.tex"
("C:\Program Files (x86)\MiKTeX 2.9\tex\generic\xkeyval\xkvutils.tex"
\XKV@toks=\toks28
\XKV@tempa@toks=\toks29
)
\XKV@depth=\count140
File: xkeyval.tex 2014/12/03 v2.7a key=value parser (HA)
))
("C:\Program Files (x86)\MiKTeX 2.9\tex\latex\base\textcomp.sty"
Package: textcomp 2017/04/05 v2.0i Standard LaTeX package
Package textcomp Info: Sub-encoding information:
(textcomp)               5 = only ISO-Adobe without \textcurrency
(textcomp)               4 = 5 + \texteuro
(textcomp)               3 = 4 + \textohm
(textcomp)               2 = 3 + \textestimated + \textcurrency
(textcomp)               1 = TS1 - \textcircled - \t
(textcomp)               0 = TS1 (full)
(textcomp)             Font families with sub-encoding setting implement
(textcomp)             only a restricted character set as indicated.
(textcomp)             Family '?' is the default used for unknown fonts.
(textcomp)             See the documentation for details.
Package textcomp Info: Setting ? sub-encoding to TS1/1 on input line 79.

("C:\Program Files (x86)\MiKTeX 2.9\tex\latex\base\ts1enc.def"
File: ts1enc.def 2001/06/05 v3.0e (jk/car/fm) Standard LaTeX file
Now handling font encoding TS1 ...
... processing UTF-8 mapping file for font encoding TS1

("C:\Program Files (x86)\MiKTeX 2.9\tex\latex\base\ts1enc.dfu"
File: ts1enc.dfu 2018/04/05 v1.2c UTF-8 support for inputenc
   defining Unicode char U+00A2 (decimal 162)
   defining Unicode char U+00A3 (decimal 163)
   defining Unicode char U+00A4 (decimal 164)
   defining Unicode char U+00A5 (decimal 165)
   defining Unicode char U+00A6 (decimal 166)
   defining Unicode char U+00A7 (decimal 167)
   defining Unicode char U+00A8 (decimal 168)
   defining Unicode char U+00A9 (decimal 169)
   defining Unicode char U+00AA (decimal 170)
   defining Unicode char U+00AC (decimal 172)
   defining Unicode char U+00AE (decimal 174)
   defining Unicode char U+00AF (decimal 175)
   defining Unicode char U+00B0 (decimal 176)
   defining Unicode char U+00B1 (decimal 177)
   defining Unicode char U+00B2 (decimal 178)
   defining Unicode char U+00B3 (decimal 179)
   defining Unicode char U+00B4 (decimal 180)
   defining Unicode char U+00B5 (decimal 181)
   defining Unicode char U+00B6 (decimal 182)
   defining Unicode char U+00B7 (decimal 183)
   defining Unicode char U+00B9 (decimal 185)
   defining Unicode char U+00BA (decimal 186)
   defining Unicode char U+00BC (decimal 188)
   defining Unicode char U+00BD (decimal 189)
   defining Unicode char U+00BE (decimal 190)
   defining Unicode char U+00D7 (decimal 215)
   defining Unicode char U+00F7 (decimal 247)
   defining Unicode char U+0192 (decimal 402)
   defining Unicode char U+02C7 (decimal 711)
   defining Unicode char U+02D8 (decimal 728)
   defining Unicode char U+02DD (decimal 733)
   defining Unicode char U+0E3F (decimal 3647)
   defining Unicode char U+2016 (decimal 8214)
   defining Unicode char U+2020 (decimal 8224)
   defining Unicode char U+2021 (decimal 8225)
   defining Unicode char U+2022 (decimal 8226)
   defining Unicode char U+2030 (decimal 8240)
   defining Unicode char U+2031 (decimal 8241)
   defining Unicode char U+203B (decimal 8251)
   defining Unicode char U+203D (decimal 8253)
   defining Unicode char U+2044 (decimal 8260)
   defining Unicode char U+204E (decimal 8270)
   defining Unicode char U+2052 (decimal 8274)
   defining Unicode char U+20A1 (decimal 8353)
   defining Unicode char U+20A4 (decimal 8356)
   defining Unicode char U+20A6 (decimal 8358)
   defining Unicode char U+20A9 (decimal 8361)
   defining Unicode char U+20AB (decimal 8363)
   defining Unicode char U+20AC (decimal 8364)
   defining Unicode char U+20B1 (decimal 8369)
   defining Unicode char U+2103 (decimal 8451)
   defining Unicode char U+2116 (decimal 8470)
   defining Unicode char U+2117 (decimal 8471)
   defining Unicode char U+211E (decimal 8478)
   defining Unicode char U+2120 (decimal 8480)
   defining Unicode char U+2122 (decimal 8482)
   defining Unicode char U+2126 (decimal 8486)
   defining Unicode char U+2127 (decimal 8487)
   defining Unicode char U+212E (decimal 8494)
   defining Unicode char U+2190 (decimal 8592)
   defining Unicode char U+2191 (decimal 8593)
   defining Unicode char U+2192 (decimal 8594)
   defining Unicode char U+2193 (decimal 8595)
   defining Unicode char U+2329 (decimal 9001)
   defining Unicode char U+232A (decimal 9002)
   defining Unicode char U+2422 (decimal 9250)
   defining Unicode char U+25E6 (decimal 9702)
   defining Unicode char U+25EF (decimal 9711)
   defining Unicode char U+266A (decimal 9834)
   defining Unicode char U+FEFF (decimal 65279)
))
LaTeX Info: Redefining \oldstylenums on input line 334.
Package textcomp Info: Setting cmr sub-encoding to TS1/0 on input line 349.
Package textcomp Info: Setting cmss sub-encoding to TS1/0 on input line 350.
Package textcomp Info: Setting cmtt sub-encoding to TS1/0 on input line 351.
Package textcomp Info: Setting cmvtt sub-encoding to TS1/0 on input line 352.
Package textcomp Info: Setting cmbr sub-encoding to TS1/0 on input line 353.
Package textcomp Info: Setting cmtl sub-encoding to TS1/0 on input line 354.
Package textcomp Info: Setting ccr sub-encoding to TS1/0 on input line 355.
Package textcomp Info: Setting ptm sub-encoding to TS1/4 on input line 356.
Package textcomp Info: Setting pcr sub-encoding to TS1/4 on input line 357.
Package textcomp Info: Setting phv sub-encoding to TS1/4 on input line 358.
Package textcomp Info: Setting ppl sub-encoding to TS1/3 on input line 359.
Package textcomp Info: Setting pag sub-encoding to TS1/4 on input line 360.
Package textcomp Info: Setting pbk sub-encoding to TS1/4 on input line 361.
Package textcomp Info: Setting pnc sub-encoding to TS1/4 on input line 362.
Package textcomp Info: Setting pzc sub-encoding to TS1/4 on input line 363.
Package textcomp Info: Setting bch sub-encoding to TS1/4 on input line 364.
Package textcomp Info: Setting put sub-encoding to TS1/5 on input line 365.
Package textcomp Info: Setting uag sub-encoding to TS1/5 on input line 366.
Package textcomp Info: Setting ugq sub-encoding to TS1/5 on input line 367.
Package textcomp Info: Setting ul8 sub-encoding to TS1/4 on input line 368.
Package textcomp Info: Setting ul9 sub-encoding to TS1/4 on input line 369.
Package textcomp Info: Setting augie sub-encoding to TS1/5 on input line 370.
Package textcomp Info: Setting dayrom sub-encoding to TS1/3 on input line 371.
Package textcomp Info: Setting dayroms sub-encoding to TS1/3 on input line 372.

Package textcomp Info: Setting pxr sub-encoding to TS1/0 on input line 373.
Package textcomp Info: Setting pxss sub-encoding to TS1/0 on input line 374.
Package textcomp Info: Setting pxtt sub-encoding to TS1/0 on input line 375.
Package textcomp Info: Setting txr sub-encoding to TS1/0 on input line 376.
Package textcomp Info: Setting txss sub-encoding to TS1/0 on input line 377.
Package textcomp Info: Setting txtt sub-encoding to TS1/0 on input line 378.
Package textcomp Info: Setting lmr sub-encoding to TS1/0 on input line 379.
Package textcomp Info: Setting lmdh sub-encoding to TS1/0 on input line 380.
Package textcomp Info: Setting lmss sub-encoding to TS1/0 on input line 381.
Package textcomp Info: Setting lmssq sub-encoding to TS1/0 on input line 382.
Package textcomp Info: Setting lmvtt sub-encoding to TS1/0 on input line 383.
Package textcomp Info: Setting lmtt sub-encoding to TS1/0 on input line 384.
Package textcomp Info: Setting qhv sub-encoding to TS1/0 on input line 385.
Package textcomp Info: Setting qag sub-encoding to TS1/0 on input line 386.
Package textcomp Info: Setting qbk sub-encoding to TS1/0 on input line 387.
Package textcomp Info: Setting qcr sub-encoding to TS1/0 on input line 388.
Package textcomp Info: Setting qcs sub-encoding to TS1/0 on input line 389.
Package textcomp Info: Setting qpl sub-encoding to TS1/0 on input line 390.
Package textcomp Info: Setting qtm sub-encoding to TS1/0 on input line 391.
Package textcomp Info: Setting qzc sub-encoding to TS1/0 on input line 392.
Package textcomp Info: Setting qhvc sub-encoding to TS1/0 on input line 393.
Package textcomp Info: Setting futs sub-encoding to TS1/4 on input line 394.
Package textcomp Info: Setting futx sub-encoding to TS1/4 on input line 395.
Package textcomp Info: Setting futj sub-encoding to TS1/4 on input line 396.
Package textcomp Info: Setting hlh sub-encoding to TS1/3 on input line 397.
Package textcomp Info: Setting hls sub-encoding to TS1/3 on input line 398.
Package textcomp Info: Setting hlst sub-encoding to TS1/3 on input line 399.
Package textcomp Info: Setting hlct sub-encoding to TS1/5 on input line 400.
Package textcomp Info: Setting hlx sub-encoding to TS1/5 on input line 401.
Package textcomp Info: Setting hlce sub-encoding to TS1/5 on input line 402.
Package textcomp Info: Setting hlcn sub-encoding to TS1/5 on input line 403.
Package textcomp Info: Setting hlcw sub-encoding to TS1/5 on input line 404.
Package textcomp Info: Setting hlcf sub-encoding to TS1/5 on input line 405.
Package textcomp Info: Setting pplx sub-encoding to TS1/3 on input line 406.
Package textcomp Info: Setting pplj sub-encoding to TS1/3 on input line 407.
Package textcomp Info: Setting ptmx sub-encoding to TS1/4 on input line 408.
Package textcomp Info: Setting ptmj sub-encoding to TS1/4 on input line 409.
)
("C:\Program Files (x86)\MiKTeX 2.9\tex\latex\base\fontenc.sty"
Package: fontenc 2017/04/05 v2.0i Standard LaTeX package
)
("C:\Users\Chantel.Wetzel\Documents\MiKTeX 2.9\tex\latex\fontaxes\fontaxes.sty"
Package: fontaxes 2014/03/23 v1.0d Font selection axes
LaTeX Info: Redefining \upshape on input line 29.
LaTeX Info: Redefining \itshape on input line 31.
LaTeX Info: Redefining \slshape on input line 33.
LaTeX Info: Redefining \scshape on input line 37.
) ("C:\Users\Chantel.Wetzel\Documents\MiKTeX 2.9\tex\latex\mweights\mweights.st
y"
Package: mweights 2017/03/30 (Bob Tennent) Support package for multiple-weight 
font packages. 
LaTeX Info: Redefining \bfseries on input line 22.
LaTeX Info: Redefining \mdseries on input line 30.
LaTeX Info: Redefining \rmfamily on input line 38.
LaTeX Info: Redefining \sffamily on input line 66.
LaTeX Info: Redefining \ttfamily on input line 94.
)
LaTeX Info: Redefining \oldstylenums on input line 189.
)
("C:\Users\Chantel.Wetzel\Documents\MiKTeX 2.9\tex\latex\crimson\crimson.sty"
Package: crimson 2017/03/16 (Bob Tennent) Supports crimson fonts for all LaTeX 
engines. 

("C:\Program Files (x86)\MiKTeX 2.9\tex\latex\base\fontenc.sty"
Package: fontenc 2017/04/05 v2.0i Standard LaTeX package
))
("C:\Program Files (x86)\MiKTeX 2.9\tex\latex\base\fontenc.sty"
Package: fontenc 2017/04/05 v2.0i Standard LaTeX package

("C:\Program Files (x86)\MiKTeX 2.9\tex\latex\base\t1enc.def"
File: t1enc.def 2017/04/05 v2.0i Standard LaTeX file
LaTeX Font Info:    Redeclaring font encoding T1 on input line 48.
))
(C:\Users\Chantel.Wetzel\AppData\Roaming\MiKTeX\2.9\tex\latex\sectsty\sectsty.s
ty
Package: sectsty 2002/02/25 v2.0.2 Commands to change all sectional heading sty
les
)
("C:\Users\Chantel.Wetzel\Documents\MiKTeX 2.9\tex\latex\tocbibind\tocbibind.st
y"
Package: tocbibind 2010/10/13 v1.5k extra ToC listings
Package tocbibind Info: The document has section divisions on input line 50.


Package tocbibind Note: Using section or other style headings.

)

Package hyperref Warning: Option `bookmarks' has already been used,
(hyperref)                setting the option has no effect on input line 82.

Package hyperref Info: Option `unicode' set `false' on input line 82.
Package hyperref Info: Option `pdftoolbar' set `true' on input line 82.
Package hyperref Info: Option `pdfmenubar' set `true' on input line 82.
Package hyperref Info: Option `pdffitwindow' set `false' on input line 82.
Package hyperref Info: Option `pdfnewwindow' set `true' on input line 82.
Package hyperref Info: Option `colorlinks' set `true' on input line 82.

("C:\Users\Chantel.Wetzel\Documents\MiKTeX 2.9\tex\latex\l3packages\xparse\xpar
se.sty"
("C:\Users\Chantel.Wetzel\Documents\MiKTeX 2.9\tex\latex\l3kernel\expl3.sty"
Package: expl3 2018-06-14 L3 programming layer (loader) 

("C:\Users\Chantel.Wetzel\Documents\MiKTeX 2.9\tex\latex\l3kernel\expl3-code.te
x"
Package: expl3 2018-06-14 L3 programming layer (code)
\c_max_int=\count141
\l_tmpa_int=\count142
\l_tmpb_int=\count143
\g_tmpa_int=\count144
\g_tmpb_int=\count145
\g__kernel_prg_map_int=\count146
\c_log_iow=\count147
\l_iow_line_count_int=\count148
\l__iow_line_target_int=\count149
\l__iow_one_indent_int=\count150
\l__iow_indent_int=\count151
\c_zero_dim=\dimen153
\c_max_dim=\dimen154
\l_tmpa_dim=\dimen155
\l_tmpb_dim=\dimen156
\g_tmpa_dim=\dimen157
\g_tmpb_dim=\dimen158
\c_zero_skip=\skip100
\c_max_skip=\skip101
\l_tmpa_skip=\skip102
\l_tmpb_skip=\skip103
\g_tmpa_skip=\skip104
\g_tmpb_skip=\skip105
\c_zero_muskip=\muskip12
\c_max_muskip=\muskip13
\l_tmpa_muskip=\muskip14
\l_tmpb_muskip=\muskip15
\g_tmpa_muskip=\muskip16
\g_tmpb_muskip=\muskip17
\l_keys_choice_int=\count152
\l__intarray_loop_int=\count153
\c__intarray_sp_dim=\dimen159
\g__intarray_font_int=\count154
\c__fp_leading_shift_int=\count155
\c__fp_middle_shift_int=\count156
\c__fp_trailing_shift_int=\count157
\c__fp_big_leading_shift_int=\count158
\c__fp_big_middle_shift_int=\count159
\c__fp_big_trailing_shift_int=\count160
\c__fp_Bigg_leading_shift_int=\count161
\c__fp_Bigg_middle_shift_int=\count162
\c__fp_Bigg_trailing_shift_int=\count163
\c__kernel_randint_max_int=\count164
\g__fp_array_int=\count165
\l__fp_array_loop_int=\count166
\l__sort_length_int=\count167
\l__sort_min_int=\count168
\l__sort_top_int=\count169
\l__sort_max_int=\count170
\l__sort_true_max_int=\count171
\l__sort_block_int=\count172
\l__sort_begin_int=\count173
\l__sort_end_int=\count174
\l__sort_A_int=\count175
\l__sort_B_int=\count176
\l__sort_C_int=\count177
\l__tl_analysis_normal_int=\count178
\l__tl_analysis_index_int=\count179
\l__tl_analysis_nesting_int=\count180
\l__tl_analysis_type_int=\count181
\l__regex_internal_a_int=\count182
\l__regex_internal_b_int=\count183
\l__regex_internal_c_int=\count184
\l__regex_balance_int=\count185
\l__regex_group_level_int=\count186
\l__regex_mode_int=\count187
\c__regex_cs_in_class_mode_int=\count188
\c__regex_cs_mode_int=\count189
\l__regex_catcodes_int=\count190
\l__regex_default_catcodes_int=\count191
\c__regex_catcode_D_int=\count192
\c__regex_catcode_S_int=\count193
\c__regex_catcode_L_int=\count194
\c__regex_catcode_O_int=\count195
\c__regex_catcode_A_int=\count196
\c__regex_all_catcodes_int=\count197
\l__regex_show_lines_int=\count198
\l__regex_min_state_int=\count199
\l__regex_max_state_int=\count266
\l__regex_left_state_int=\count267
\l__regex_right_state_int=\count268
\l__regex_capturing_group_int=\count269
\l__regex_min_pos_int=\count270
\l__regex_max_pos_int=\count271
\l__regex_curr_pos_int=\count272
\l__regex_start_pos_int=\count273
\l__regex_success_pos_int=\count274
\l__regex_curr_char_int=\count275
\l__regex_curr_catcode_int=\count276
\l__regex_last_char_int=\count277
\l__regex_case_changed_char_int=\count278
\l__regex_curr_state_int=\count279
\l__regex_step_int=\count280
\l__regex_min_active_int=\count281
\l__regex_max_active_int=\count282
\l__regex_replacement_csnames_int=\count283
\l__regex_match_count_int=\count284
\l__regex_min_submatch_int=\count285
\l__regex_submatch_int=\count286
\l__regex_zeroth_submatch_int=\count287
\g__regex_trace_regex_int=\count288
\c_empty_box=\box62
\l_tmpa_box=\box63
\l_tmpb_box=\box64
\g_tmpa_box=\box65
\g_tmpb_box=\box66
\l__box_top_dim=\dimen160
\l__box_bottom_dim=\dimen161
\l__box_left_dim=\dimen162
\l__box_right_dim=\dimen163
\l__box_top_new_dim=\dimen164
\l__box_bottom_new_dim=\dimen165
\l__box_left_new_dim=\dimen166
\l__box_right_new_dim=\dimen167
\l__box_internal_box=\box67
\l__coffin_internal_box=\box68
\l__coffin_internal_dim=\dimen168
\l__coffin_offset_x_dim=\dimen169
\l__coffin_offset_y_dim=\dimen170
\l__coffin_x_dim=\dimen171
\l__coffin_y_dim=\dimen172
\l__coffin_x_prime_dim=\dimen173
\l__coffin_y_prime_dim=\dimen174
\c_empty_coffin=\box69
\l__coffin_aligned_coffin=\box70
\l__coffin_aligned_internal_coffin=\box71
\l_tmpa_coffin=\box72
\l_tmpb_coffin=\box73
\l__coffin_display_coffin=\box74
\l__coffin_display_coord_coffin=\box75
\l__coffin_display_pole_coffin=\box76
\l__coffin_display_offset_dim=\dimen175
\l__coffin_display_x_dim=\dimen176
\l__coffin_display_y_dim=\dimen177
\g__file_internal_ior=\read1
\l__coffin_bounding_shift_dim=\dimen178
\l__coffin_left_corner_dim=\dimen179
\l__coffin_right_corner_dim=\dimen180
\l__coffin_bottom_corner_dim=\dimen181
\l__coffin_top_corner_dim=\dimen182
\l__coffin_scaled_total_height_dim=\dimen183
\l__coffin_scaled_width_dim=\dimen184
\l__seq_internal_a_int=\count289
\l__seq_internal_b_int=\count290
)
("C:\Users\Chantel.Wetzel\Documents\MiKTeX 2.9\tex\latex\l3kernel\l3pdfmode.def
"
File: l3pdfmode.def 2018-06-14 v L3 Experimental driver: PDF mode
\l__driver_color_stack_int=\count291
))
Package: xparse 2018-05-12 L3 Experimental document command parser
\l__xparse_current_arg_int=\count292
\g__xparse_grabber_int=\count293
\l__xparse_m_args_int=\count294
\l__xparse_mandatory_args_int=\count295
\l__xparse_v_nesting_int=\count296
) ("C:\Users\Chantel.Wetzel\Documents\MiKTeX 2.9\tex\latex\xpatch\xpatch.sty"
Package: xpatch 2012/10/02 v0.3 Extending etoolbox patching commands

(C:\Users\Chantel.Wetzel\AppData\Roaming\MiKTeX\2.9\tex\latex\etoolbox\etoolbox
.sty
Package: etoolbox 2015/08/02 v2.2a e-TeX tools for LaTeX (JAW)
\etb@tempcnta=\count297
)
.................................................
. LaTeX info: "xparse/define-command"
. 
. Defining command \xpatchcmd with sig. '' on line 125.
.................................................
.................................................
. LaTeX info: "xparse/define-command"
. 
. Defining command \xpretocmd with sig. '' on line 126.
.................................................
.................................................
. LaTeX info: "xparse/define-command"
. 
. Defining command \xapptocmd with sig. '' on line 127.
.................................................
.................................................
. LaTeX info: "xparse/define-command"
. 
. Defining command \xshowcmd with sig. '' on line 128.
.................................................
.................................................
. LaTeX info: "xparse/define-command"
. 
. Defining command \xpatchbibmacro with sig. 'm' on line 131.
.................................................
.................................................
. LaTeX info: "xparse/define-command"
. 
. Defining command \xpretobibmacro with sig. 'm' on line 133.
.................................................
.................................................
. LaTeX info: "xparse/define-command"
. 
. Defining command \xapptobibmacro with sig. 'm' on line 135.
.................................................
.................................................
. LaTeX info: "xparse/define-command"
. 
. Defining command \xshowbibmacro with sig. 'm' on line 137.
.................................................
.................................................
. LaTeX info: "xparse/define-command"
. 
. Defining command \xpatchfieldformat with sig. 'O{*}m' on line 139.
.................................................
.................................................
. LaTeX info: "xparse/define-command"
. 
. Defining command \xpretofieldformat with sig. 'O{*}m' on line 141.
.................................................
.................................................
. LaTeX info: "xparse/define-command"
. 
. Defining command \xapptofieldformat with sig. 'O{*}m' on line 143.
.................................................
.................................................
. LaTeX info: "xparse/define-command"
. 
. Defining command \xshowfieldformat with sig. 'O{*}m' on line 145.
.................................................
.................................................
. LaTeX info: "xparse/define-command"
. 
. Defining command \xpatchnameformat with sig. 'O{*}m' on line 147.
.................................................
.................................................
. LaTeX info: "xparse/define-command"
. 
. Defining command \xpretonameformat with sig. 'O{*}m' on line 149.
.................................................
.................................................
. LaTeX info: "xparse/define-command"
. 
. Defining command \xapptonameformat with sig. 'O{*}m' on line 151.
.................................................
.................................................
. LaTeX info: "xparse/define-command"
. 
. Defining command \xshownameformat with sig. 'O{*}m' on line 153.
.................................................
.................................................
. LaTeX info: "xparse/define-command"
. 
. Defining command \xpatchlistformat with sig. 'O{*}m' on line 155.
.................................................
.................................................
. LaTeX info: "xparse/define-command"
. 
. Defining command \xpretolistformat with sig. 'O{*}m' on line 157.
.................................................
.................................................
. LaTeX info: "xparse/define-command"
. 
. Defining command \xapptolistformat with sig. 'O{*}m' on line 159.
.................................................
.................................................
. LaTeX info: "xparse/define-command"
. 
. Defining command \xshowlistformat with sig. 'O{*}m' on line 161.
.................................................
.................................................
. LaTeX info: "xparse/define-command"
. 
. Defining command \xpatchindexfieldformat with sig. 'O{*}m' on line 163.
.................................................
.................................................
. LaTeX info: "xparse/define-command"
. 
. Defining command \xpretoindexfieldformat with sig. 'O{*}m' on line 165.
.................................................
.................................................
. LaTeX info: "xparse/define-command"
. 
. Defining command \xapptoindexfieldformat with sig. 'O{*}m' on line 167.
.................................................
.................................................
. LaTeX info: "xparse/define-command"
. 
. Defining command \xshowindexfieldformat with sig. 'O{*}m' on line 169.
.................................................
.................................................
. LaTeX info: "xparse/define-command"
. 
. Defining command \xpatchindexnameformat with sig. 'O{*}m' on line 171.
.................................................
.................................................
. LaTeX info: "xparse/define-command"
. 
. Defining command \xpretoindexnameformat with sig. 'O{*}m' on line 173.
.................................................
.................................................
. LaTeX info: "xparse/define-command"
. 
. Defining command \xapptoindexnameformat with sig. 'O{*}m' on line 175.
.................................................
.................................................
. LaTeX info: "xparse/define-command"
. 
. Defining command \xshowindexnameformat with sig. 'O{*}m' on line 177.
.................................................
.................................................
. LaTeX info: "xparse/define-command"
. 
. Defining command \xpatchindexlistformat with sig. 'O{*}m' on line 179.
.................................................
.................................................
. LaTeX info: "xparse/define-command"
. 
. Defining command \xpretoindexlistformat with sig. 'O{*}m' on line 181.
.................................................
.................................................
. LaTeX info: "xparse/define-command"
. 
. Defining command \xappindextolistformat with sig. 'O{*}m' on line 183.
.................................................
.................................................
. LaTeX info: "xparse/define-command"
. 
. Defining command \xshowindexlistformat with sig. 'O{*}m' on line 185.
.................................................
.................................................
. LaTeX info: "xparse/define-command"
. 
. Defining command \xpatchbibdriver with sig. 'm' on line 187.
.................................................
.................................................
. LaTeX info: "xparse/define-command"
. 
. Defining command \xpretobibdriver with sig. 'm' on line 189.
.................................................
.................................................
. LaTeX info: "xparse/define-command"
. 
. Defining command \xapptobibdriver with sig. 'm' on line 191.
.................................................
.................................................
. LaTeX info: "xparse/define-command"
. 
. Defining command \xshowbibdriver with sig. 'm' on line 193.
.................................................
)
.................................................
. LaTeX info: "xparse/define-command"
. 
. Defining command \TitlePageFont with sig. '' on line 101.
.................................................
 (SS330_User_Manual.aux)
\openout1 = `SS330_User_Manual.aux'.

LaTeX Font Info:    Checking defaults for OML/cmm/m/it on input line 107.
LaTeX Font Info:    ... okay on input line 107.
LaTeX Font Info:    Checking defaults for T1/cmr/m/n on input line 107.
LaTeX Font Info:    ... okay on input line 107.
LaTeX Font Info:    Checking defaults for OT1/cmr/m/n on input line 107.
LaTeX Font Info:    ... okay on input line 107.
LaTeX Font Info:    Checking defaults for OMS/cmsy/m/n on input line 107.
LaTeX Font Info:    ... okay on input line 107.
LaTeX Font Info:    Checking defaults for OMX/cmex/m/n on input line 107.
LaTeX Font Info:    ... okay on input line 107.
LaTeX Font Info:    Checking defaults for U/cmr/m/n on input line 107.
LaTeX Font Info:    ... okay on input line 107.
LaTeX Font Info:    Checking defaults for PD1/pdf/m/n on input line 107.
LaTeX Font Info:    ... okay on input line 107.
LaTeX Font Info:    Checking defaults for TS1/cmr/m/n on input line 107.
LaTeX Font Info:    Try loading font information for TS1+cmr on input line 107.


("C:\Program Files (x86)\MiKTeX 2.9\tex\latex\base\ts1cmr.fd"
File: ts1cmr.fd 2014/09/29 v2.5h Standard LaTeX font definitions
)
LaTeX Font Info:    ... okay on input line 107.
LaTeX Font Info:    Try loading font information for T1+Crimson-TLF on input li
ne 107.

("C:\Users\Chantel.Wetzel\Documents\MiKTeX 2.9\tex\latex\crimson\t1crimson-tlf.
fd"
File: T1Crimson-TLF.fd 2016/02/19 (autoinst) Font definitions for T1/Crimson-TL
F.
)
LaTeX Font Info:    Font shape `T1/Crimson-TLF/m/n' will be
(Font)              scaled to size 12.0pt on input line 107.

*geometry* driver: auto-detecting
*geometry* detected driver: pdftex
*geometry* verbose mode - [ preamble ] result:
* driver: pdftex
* paper: <default>
* layout: <same size as paper>
* layoutoffset:(h,v)=(0.0pt,0.0pt)
* modes: includefoot 
* h-part:(L,W,R)=(72.26999pt, 469.75502pt, 72.26999pt)
* v-part:(T,H,B)=(72.26999pt, 650.43001pt, 72.26999pt)
* \paperwidth=614.295pt
* \paperheight=794.96999pt
* \textwidth=469.75502pt
* \textheight=620.43001pt
* \oddsidemargin=0.0pt
* \evensidemargin=0.0pt
* \topmargin=-37.0pt
* \headheight=12.0pt
* \headsep=25.0pt
* \topskip=12.0pt
* \footskip=30.0pt
* \marginparwidth=44.0pt
* \marginparsep=10.0pt
* \columnsep=10.0pt
* \skip\footins=10.8pt plus 4.0pt minus 2.0pt
* \hoffset=0.0pt
* \voffset=0.0pt
* \mag=1000
* \@twocolumnfalse
* \@twosidefalse
* \@mparswitchfalse
* \@reversemarginfalse
* (1in=72.27pt=25.4mm, 1cm=28.453pt)


(C:\Users\Chantel.Wetzel\AppData\Roaming\MiKTeX\2.9\tex\context\base\supp-pdf.m
kii
[Loading MPS to PDF converter (version 2006.09.02).]
\scratchcounter=\count298
\scratchdimen=\dimen185
\scratchbox=\box77
\nofMPsegments=\count299
\nofMParguments=\count300
\everyMPshowfont=\toks30
\MPscratchCnt=\count301
\MPscratchDim=\dimen186
\MPnumerator=\count302
\makeMPintoPDFobject=\count303
\everyMPtoPDFconversion=\toks31
) ("C:\Program Files (x86)\MiKTeX 2.9\tex\latex\oberdiek\epstopdf-base.sty"
Package: epstopdf-base 2016/05/15 v2.6 Base part for package epstopdf

("C:\Program Files (x86)\MiKTeX 2.9\tex\latex\oberdiek\grfext.sty"
Package: grfext 2016/05/16 v1.2 Manage graphics extensions (HO)
)
Package epstopdf-base Info: Redefining graphics rule for `.eps' on input line 4
38.
Package grfext Info: Graphics extension search list:
(grfext)             [.pdf,.png,.jpg,.mps,.jpeg,.jbig2,.jb2,.PDF,.PNG,.JPG,.JPE
G,.JBIG2,.JB2,.eps]
(grfext)             \AppendGraphicsExtensions on input line 456.
)
\AtBeginShipoutBox=\box78
Package hyperref Info: Link coloring ON on input line 107.

("C:\Program Files (x86)\MiKTeX 2.9\tex\latex\hyperref\nameref.sty"
Package: nameref 2016/05/21 v2.44 Cross-referencing by name of section

("C:\Program Files (x86)\MiKTeX 2.9\tex\generic\oberdiek\gettitlestring.sty"
Package: gettitlestring 2016/05/16 v1.5 Cleanup title references (HO)
)
\c@section@level=\count304
)
LaTeX Info: Redefining \ref on input line 107.
LaTeX Info: Redefining \pageref on input line 107.
LaTeX Info: Redefining \nameref on input line 107.

(SS330_User_Manual.out) (SS330_User_Manual.out)
\@outlinefile=\write3
\openout3 = `SS330_User_Manual.out'.

\c@mv@tabular=\count305
\c@mv@boldtabular=\count306
LaTeX Font Info:    Try loading font information for T1+Roboto-LF on input line
 109.

("C:\Users\Chantel.Wetzel\Documents\MiKTeX 2.9\tex\latex\roboto\t1roboto-lf.fd"
File: T1Roboto-LF.fd 2015/09/15 (autoinst) Font definitions for T1/Roboto-LF.
)
LaTeX Font Info:    Font shape `T1/Roboto-LF/m/n' will be
(Font)              scaled to size 12.0pt on input line 109.
LaTeX Font Info:    Font shape `T1/Roboto-LF/b/n' will be
(Font)              scaled to size 12.0pt on input line 109.
LaTeX Font Info:    Font shape `T1/Roboto-LF/b/n' will be
(Font)              scaled to size 22.0pt on input line 109.
LaTeX Font Info:    Font shape `T1/Roboto-LF/b/n' will be
(Font)              scaled to size 20.74pt on input line 110.
LaTeX Font Info:    Font shape `T1/Roboto-LF/b/n' will be
(Font)              scaled to size 14.4pt on input line 110.
LaTeX Font Info:    Try loading font information for OT1+lmr on input line 110.

 ("C:\Program Files (x86)\MiKTeX 2.9\tex\latex\lm\ot1lmr.fd"
File: ot1lmr.fd 2009/10/30 v1.6 Font defs for Latin Modern
)
LaTeX Font Info:    Try loading font information for OML+lmm on input line 110.


("C:\Program Files (x86)\MiKTeX 2.9\tex\latex\lm\omllmm.fd"
File: omllmm.fd 2009/10/30 v1.6 Font defs for Latin Modern
)
LaTeX Font Info:    Try loading font information for OMS+lmsy on input line 110
.

("C:\Program Files (x86)\MiKTeX 2.9\tex\latex\lm\omslmsy.fd"
File: omslmsy.fd 2009/10/30 v1.6 Font defs for Latin Modern
)
LaTeX Font Info:    Try loading font information for OMX+lmex on input line 110
.

("C:\Program Files (x86)\MiKTeX 2.9\tex\latex\lm\omxlmex.fd"
File: omxlmex.fd 2009/10/30 v1.6 Font defs for Latin Modern
)
LaTeX Font Info:    External font `lmex10' loaded for size
(Font)              <14.4> on input line 110.
LaTeX Font Info:    External font `lmex10' loaded for size
(Font)              <10> on input line 110.
LaTeX Font Info:    External font `lmex10' loaded for size
(Font)              <7> on input line 110.
<noaalogo.jpg, id=611, 290.58563pt x 280.79906pt>
File: noaalogo.jpg Graphic file (type jpg)
<use noaalogo.jpg>
Package pdftex.def Info: noaalogo.jpg  used on input line 111.
(pdftex.def)             Requested size: 149.57567pt x 144.54pt.
LaTeX Font Info:    Font shape `T1/Crimson-TLF/m/n' will be
(Font)              scaled to size 22.0pt on input line 115.
 [1

{C:/Users/Chantel.Wetzel/AppData/Local/MiKTeX/2.9/pdftex/config/pdftex.map} <./
noaalogo.jpg>]
LaTeX Font Info:    Font shape `T1/Crimson-TLF/m/n' will be
(Font)              scaled to size 17.28pt on input line 124.
LaTeX Font Info:    Font shape `T1/Crimson-TLF/b/n' will be
(Font)              scaled to size 17.28pt on input line 124.

(SS330_User_Manual.toc
LaTeX Font Info:    Font shape `T1/Crimson-TLF/b/n' will be
(Font)              scaled to size 12.0pt on input line 2.
LaTeX Font Info:    External font `lmex10' loaded for size
(Font)              <12> on input line 2.
LaTeX Font Info:    External font `lmex10' loaded for size
(Font)              <8> on input line 2.
LaTeX Font Info:    External font `lmex10' loaded for size
(Font)              <6> on input line 2.
 [1] [2] [3])
\tf@toc=\write4
\openout4 = `SS330_User_Manual.toc'.

 [4] (1_4sections.tex
LaTeX Font Info:    Font shape `T1/Crimson-TLF/b/n' will be
(Font)              scaled to size 20.74pt on input line 2.
pdfTeX warning (ext4): destination with the same identifier (name{page.1}) has 
been already used, duplicate ignored
<to be read again> 
                   \relax 
l.13 
      [1


]
Overfull \hbox (1.7456pt too wide) in paragraph at lines 93--94
[]|\T1/Crimson-TLF/m/n/12 Recruitment| 
 []


Overfull \hbox (9.03479pt too wide) in paragraph at lines 97--97
\T1/Crimson-TLF/m/n/12 re-parameterization[][]| 
 []


Overfull \hbox (9.03479pt too wide) in paragraph at lines 100--100
\T1/Crimson-TLF/m/n/12 re-parameterization[][]| 
 []

[2] [3] [4] [5]
LaTeX Font Info:    Font shape `T1/Crimson-TLF/m/n' will be
(Font)              scaled to size 14.4pt on input line 155.
LaTeX Font Info:    Font shape `T1/Crimson-TLF/b/n' will be
(Font)              scaled to size 14.4pt on input line 155.
LaTeX Font Info:    Font shape `T1/Crimson-TLF/b/n' will be
(Font)              scaled to size 18.0pt on input line 155.
LaTeX Font Info:    Font shape `T1/Roboto-LF/b/n' will be
(Font)              scaled to size 18.0pt on input line 155.
 [6] [7] [8] [9]) (5converting.tex [10]) (6starter.tex [11]
Overfull \hbox (19.53989pt too wide) in alignment at lines 14--19
 [] [] [] 
 []


Overfull \hbox (19.53989pt too wide) in alignment at lines 19--24
 [] [] [] 
 []


Overfull \hbox (19.53989pt too wide) in alignment at lines 24--27
 [] [] [] 
 []


Overfull \hbox (19.53989pt too wide) in alignment at lines 27--32
 [] [] [] 
 []


Overfull \hbox (1.67644pt too wide) in paragraph at lines 34--34
\T1/Crimson-TLF/m/n/12 com-ment| 
 []


Overfull \hbox (14.97598pt too wide) in paragraph at lines 37--37
[]|\T1/Crimson-TLF/m/n/12 data_file.dat| 
 []


Overfull \hbox (26.24997pt too wide) in paragraph at lines 40--40
[]|\T1/Crimson-TLF/m/n/12 control_file.ctl| 
 []


Overfull \hbox (327.2067pt too wide) in paragraph at lines 43--43
[]|$[]$|  
 []


Overfull \vbox (33.44919pt too high) detected at line 43
 []


Overfull \hbox (327.2067pt too wide) in paragraph at lines 48--48
[]|$[]$|  
 []


Overfull \vbox (6.98059pt too high) detected at line 48
 []


Overfull \hbox (327.2067pt too wide) in paragraph at lines 54--54
[]|$[]$|  
 []


Overfull \hbox (327.2067pt too wide) in paragraph at lines 60--60
[]|$[]$|  
 []


Overfull \vbox (6.98059pt too high) detected at line 60
 []


Overfull \hbox (327.2067pt too wide) in paragraph at lines 65--65
[]|$[]$|  
 []


Overfull \vbox (35.98059pt too high) detected at line 65
 []


Overfull \hbox (19.53989pt too wide) in alignment at lines 32--68
 [] [] [] 
 []


Overfull \hbox (327.2067pt too wide) in paragraph at lines 74--74
[]|$[]$|  
 []


Overfull \vbox (35.98059pt too high) detected at line 74
 []


Overfull \hbox (327.2067pt too wide) in paragraph at lines 80--80
[]|$[]$|  
 []


Overfull \vbox (21.48059pt too high) detected at line 80
 []


Overfull \hbox (327.2067pt too wide) in paragraph at lines 86--86
[]|$[]$|  
 []


Overfull \vbox (64.98059pt too high) detected at line 86
 []


Overfull \hbox (327.2067pt too wide) in paragraph at lines 95--95
[]|$[]$|  
 []


Overfull \vbox (79.48059pt too high) detected at line 95
 []


Overfull \hbox (19.53989pt too wide) in alignment at lines 68--99
 [] [] [] 
 []

[12

]
Overfull \hbox (327.2067pt too wide) in paragraph at lines 102--102
[]|$[]$|  
 []


Overfull \vbox (50.48059pt too high) detected at line 102
 []

LaTeX Font Info:    Font shape `T1/Crimson-TLF/m/n' will be
(Font)              scaled to size 8.0pt on input line 114.

Overfull \hbox (327.2067pt too wide) in paragraph at lines 114--114
[]|$[]$|  
 []


Overfull \vbox (21.48059pt too high) detected at line 114
 []


Overfull \hbox (327.2067pt too wide) in paragraph at lines 130--130
[]|$[]$|  
 []


Overfull \vbox (35.98059pt too high) detected at line 130
 []


Overfull \hbox (19.53989pt too wide) in alignment at lines 99--134
 [] [] [] 
 []

[13]
Overfull \hbox (327.2067pt too wide) in paragraph at lines 141--141
[]|$[]$|  
 []


Overfull \vbox (35.98059pt too high) detected at line 141
 []


Overfull \hbox (327.2067pt too wide) in paragraph at lines 147--147
[]|$[]$|  
 []


Overfull \vbox (6.98059pt too high) detected at line 147
 []


Overfull \hbox (327.2067pt too wide) in paragraph at lines 152--152
[]|$[]$|  
 []


Overfull \vbox (6.98059pt too high) detected at line 152
 []


Overfull \hbox (327.2067pt too wide) in paragraph at lines 157--157
[]|$[]$|  
 []


Overfull \vbox (6.98059pt too high) detected at line 157
 []


Overfull \hbox (327.2067pt too wide) in paragraph at lines 170--170
[]|$[]$|  
 []


Overfull \vbox (62.44919pt too high) detected at line 170
 []


Overfull \hbox (19.53989pt too wide) in alignment at lines 134--172
 [] [] [] 
 []

[14]
Overfull \hbox (327.2067pt too wide) in paragraph at lines 175--175
[]|$[]$|  
 []


Overfull \vbox (6.98059pt too high) detected at line 175
 []


Overfull \hbox (327.2067pt too wide) in paragraph at lines 179--179
[]|$[]$|  
 []


Overfull \vbox (195.48059pt too high) detected at line 179
 []


Overfull \hbox (327.2067pt too wide) in paragraph at lines 194--194
[]|$[]$|  
 []


Overfull \vbox (6.98059pt too high) detected at line 194
 []


Overfull \hbox (327.2067pt too wide) in paragraph at lines 200--200
[]|$[]$|  
 []


Overfull \vbox (6.98059pt too high) detected at line 200
 []


Overfull \hbox (19.53989pt too wide) in alignment at lines 172--202
 [] [] [] 
 []

[15]
Overfull \hbox (327.2067pt too wide) in paragraph at lines 208--208
[]|$[]$|  
 []


Overfull \vbox (122.98059pt too high) detected at line 208
 []


Overfull \hbox (327.2067pt too wide) in paragraph at lines 217--217
[]|$[]$|  
 []


Overfull \vbox (64.98059pt too high) detected at line 217
 []

pdfTeX warning (ext4): destination with the same identifier (name{ConvIssues}) 
has been already used, duplicate ignored
<to be read again> 
                   \relax 
l.224 ...atures that may impede file conversion.}}
                                                  \Tstrut\\
Overfull \hbox (327.2067pt too wide) in paragraph at lines 224--224
[]|$[]$|  
 []


Overfull \vbox (93.98059pt too high) detected at line 224
 []


Overfull \hbox (170.71654pt too wide) in paragraph at lines 225--225
[]|$[]$|  
 []


Overfull \vbox (62.8068pt too high) detected at line 225
 []


Overfull \hbox (19.53989pt too wide) in alignment at lines 202--230
 [] [] [] 
 []

[16]
Overfull \hbox (19.53989pt too wide) in alignment at lines 230--231
 [] [] [] 
 []

[17] [18]
LaTeX Font Info:    Font shape `T1/Crimson-TLF/m/it' will be
(Font)              scaled to size 12.0pt on input line 241.
) (7forecast.tex [19


]
Overfull \hbox (13.07784pt too wide) in alignment at lines 14--19
 [] [] [] 
 []


Overfull \hbox (13.07784pt too wide) in alignment at lines 19--24
 [] [] [] 
 []


Overfull \hbox (13.07784pt too wide) in alignment at lines 24--27
 [] [] [] 
 []


Overfull \hbox (13.07784pt too wide) in alignment at lines 27--32
 [] [] [] 
 []


Overfull \hbox (284.52756pt too wide) in paragraph at lines 35--35
[]|$[]$|  
 []


Overfull \vbox (21.48059pt too high) detected at line 35
 []


Overfull \hbox (284.52756pt too wide) in paragraph at lines 41--41
[]|$[]$|  
 []


Overfull \hbox (284.52756pt too wide) in paragraph at lines 49--49
[]|$[]$|  
 []


Overfull \vbox (6.98059pt too high) detected at line 49
 []


Overfull \hbox (284.52756pt too wide) in paragraph at lines 54--54
[]|$[]$|  
 []


Overfull \vbox (21.48059pt too high) detected at line 54
 []


Overfull \hbox (284.52756pt too wide) in paragraph at lines 59--59
[]|$[]$|  
 []


Overfull \vbox (35.98059pt too high) detected at line 59
 []


Overfull \hbox (284.52756pt too wide) in paragraph at lines 67--67
[]|$[]$|  
 []


Overfull \hbox (13.07784pt too wide) in alignment at lines 32--68
 [] [] [] 
 []


Overfull \hbox (284.52756pt too wide) in paragraph at lines 73--73
[]|$[]$|  
 []


Overfull \vbox (18.94919pt too high) detected at line 73
 []


Overfull \hbox (284.52756pt too wide) in paragraph at lines 82--82
[]|$[]$|  
 []


Overfull \vbox (6.98059pt too high) detected at line 82
 []


Overfull \hbox (284.52756pt too wide) in paragraph at lines 86--86
[]|$[]$|  
 []


Overfull \hbox (284.52756pt too wide) in paragraph at lines 89--89
[]|$[]$|  
 []


Overfull \vbox (64.98059pt too high) detected at line 89
 []


Overfull \hbox (13.07784pt too wide) in alignment at lines 68--100
 [] [] [] 
 []

[20

]
Overfull \hbox (284.52756pt too wide) in paragraph at lines 110--110
[]|$[]$|  
 []


Overfull \vbox (7.88799pt too high) detected at line 110
 []


Overfull \hbox (284.52756pt too wide) in paragraph at lines 114--114
[]|$[]$|  
 []


Overfull \hbox (284.52756pt too wide) in paragraph at lines 118--118
[]|$[]$|  
 []


Overfull \vbox (93.98059pt too high) detected at line 118
 []


Overfull \hbox (284.52756pt too wide) in paragraph at lines 129--129
[]|$[]$|  
 []


Overfull \vbox (21.48059pt too high) detected at line 129
 []


Overfull \hbox (13.07784pt too wide) in alignment at lines 100--133
 [] [] [] 
 []

[21]
Overfull \hbox (284.52756pt too wide) in paragraph at lines 137--137
[]|$[]$|  
 []


Overfull \vbox (35.98059pt too high) detected at line 137
 []


Overfull \hbox (284.52756pt too wide) in paragraph at lines 143--143
[]|$[]$|  
 []


Overfull \vbox (6.98059pt too high) detected at line 143
 []


Overfull \hbox (284.52756pt too wide) in paragraph at lines 147--147
[]|$[]$|  
 []


Overfull \vbox (78.52539pt too high) detected at line 147
 []


Overfull \hbox (284.52756pt too wide) in paragraph at lines 155--155
[]|$[]$|  
 []


Overfull \vbox (35.98059pt too high) detected at line 155
 []


Overfull \hbox (284.52756pt too wide) in paragraph at lines 160--160
[]|$[]$|  
 []


Overfull \hbox (284.52756pt too wide) in paragraph at lines 163--163
[]|$[]$|  
 []


Overfull \hbox (284.52756pt too wide) in paragraph at lines 167--167
[]|$[]$|  
 []


Overfull \vbox (35.02539pt too high) detected at line 167
 []


Overfull \hbox (13.07784pt too wide) in alignment at lines 133--169
 [] [] [] 
 []

[22]
Overfull \hbox (284.52756pt too wide) in paragraph at lines 174--174
[]|$[]$|  
 []


Overfull \vbox (6.98059pt too high) detected at line 174
 []


Overfull \hbox (13.07784pt too wide) in alignment at lines 169--203
 [] [] [] 
 []

[23]
Overfull \hbox (284.52756pt too wide) in paragraph at lines 207--207
[]|$[]$|  
 []


Overfull \vbox (4.44919pt too high) detected at line 207
 []


Overfull \hbox (284.52756pt too wide) in paragraph at lines 211--211
[]|$[]$|  
 []


Overfull \vbox (4.44919pt too high) detected at line 211
 []


Overfull \hbox (284.52756pt too wide) in paragraph at lines 215--215
[]|$[]$|  
 []


Overfull \vbox (6.98059pt too high) detected at line 215
 []


Overfull \hbox (13.07784pt too wide) in alignment at lines 203--235
 [] [] [] 
 []

[24]
Overfull \hbox (13.07784pt too wide) in alignment at lines 235--245
 [] [] [] 
 []

[25] [26]
LaTeX Font Info:    Try loading font information for TS1+Crimson-TLF on input l
ine 254.

("C:\Users\Chantel.Wetzel\Documents\MiKTeX 2.9\tex\latex\crimson\ts1crimson-tlf
.fd"
File: TS1Crimson-TLF.fd 2016/02/19 (autoinst) Font definitions for TS1/Crimson-
TLF.
)
LaTeX Font Info:    Font shape `TS1/Crimson-TLF/m/n' will be
(Font)              scaled to size 12.0pt on input line 254.
LaTeX Font Info:    Font shape `T1/Crimson-TLF/b/n' will be
(Font)              scaled to size 14.0pt on input line 260.
LaTeX Font Info:    Try loading font information for T1+RobotoCondensed-LF on i
nput line 260.

("C:\Users\Chantel.Wetzel\Documents\MiKTeX 2.9\tex\latex\roboto\t1robotocondens
ed-lf.fd"
File: T1RobotoCondensed-LF.fd 2015/09/15 (autoinst) Font definitions for T1/Rob
otoCondensed-LF.
)
LaTeX Font Info:    Font shape `T1/RobotoCondensed-LF/b/n' will be
(Font)              scaled to size 14.0pt on input line 260.


LaTeX Font Warning: Font shape `T1/RobotoCondensed-LF/bl/n' undefined
(Font)              using `T1/RobotoCondensed-LF/m/n' instead on input line 260
.

LaTeX Font Info:    Font shape `T1/RobotoCondensed-LF/m/n' will be
(Font)              scaled to size 14.0pt on input line 260.
LaTeX Font Info:    Font shape `T1/RobotoCondensed-LF/bl/n' will be
(Font)              scaled to size 14.0pt on input line 263.
[27

] [28] [29]) (8data.tex [30] [31]
LaTeX Font Info:    Font shape `T1/Crimson-TLF/b/n' will be
(Font)              scaled to size 16.0pt on input line 47.
LaTeX Font Info:    Font shape `T1/Roboto-LF/b/n' will be
(Font)              scaled to size 16.0pt on input line 47.
 [32]
Overfull \hbox (312.98032pt too wide) in paragraph at lines 90--90
[]|$[]$|  
 []


Overfull \vbox (9.48059pt too high) detected at line 90
 []


Overfull \hbox (312.98032pt too wide) in paragraph at lines 94--94
[]|$[]$|  
 []


Overfull \vbox (22.91379pt too high) detected at line 94
 []


Overfull \hbox (312.98032pt too wide) in paragraph at lines 107--107
[]|$[]$|  
 []


Overfull \vbox (93.94919pt too high) detected at line 107
 []


Overfull \hbox (312.98032pt too wide) in paragraph at lines 117--117
[]|$[]$|  
 []


Overfull \vbox (23.98059pt too high) detected at line 117
 []


Overfull \hbox (312.98032pt too wide) in paragraph at lines 122--122
[]|$[]$|  
 []


Overfull \vbox (23.98059pt too high) detected at line 122
 []


Overfull \hbox (9.48906pt too wide) in alignment at lines 86--123
 [] [] 
 []


Underfull \vbox (badness 10000) detected at line 123
 []


Overfull \hbox (9.48906pt too wide) in alignment at lines 123--138
 [] [] 
 []

[33] [34]
Overfull \hbox (9.64229pt too wide) in paragraph at lines 144--152
 [] 
 []


Overfull \hbox (0.58351pt too wide) in paragraph at lines 171--185
 [] 
 []

[35] [36] [37] [38] [39] [40]
LaTeX Font Info:    Font shape `T1/Crimson-TLF/m/n' will be
(Font)              scaled to size 6.0pt on input line 351.
 [41] [42] [43] [44]
Overfull \hbox (1.0556pt too wide) in paragraph at lines 481--481
[]|\T1/Crimson-TLF/m/n/12 Observation| 
 []

[45] [46] [47]
Overfull \hbox (11.0363pt too wide) in paragraph at lines 558--564
[][]  
 []


Overfull \hbox (42.5835pt too wide) in paragraph at lines 568--579
[][]  
 []

[48] [49] [50]
Overfull \hbox (12.5835pt too wide) in paragraph at lines 628--644
 [] 
 []

[51] [52]
Overfull \hbox (0.58351pt too wide) in paragraph at lines 703--716
 [] 
 []

[53]
Overfull \hbox (6.97322pt too wide) in paragraph at lines 735--735
[]|\T1/Crimson-TLF/m/n/12 Compress.| 
 []


Overfull \hbox (14.13074pt too wide) in paragraph at lines 731--742
[][]  
 []


Overfull \hbox (11.0363pt too wide) in paragraph at lines 744--755
[][]  
 []


Overfull \hbox (3.84282pt too wide) in paragraph at lines 761--761
[]|\T1/Crimson-TLF/m/n/12 Month| 
 []


Overfull \hbox (4.95764pt too wide) in paragraph at lines 761--761
[]|\T1/Crimson-TLF/m/n/12 Nsamp| 
 []


Overfull \hbox (10.297pt too wide) in paragraph at lines 757--767
[][]  
 []

[54] [55]
Overfull \hbox (3.84282pt too wide) in paragraph at lines 802--802
[]|\T1/Crimson-TLF/m/n/12 Month| 
 []


Overfull \hbox (1.6404pt too wide) in paragraph at lines 802--802
[]|\T1/Crimson-TLF/m/n/12 Fleet| 
 []


Overfull \hbox (2.34401pt too wide) in paragraph at lines 802--802
[]|\T1/Crimson-TLF/m/n/12 Ignore| 
 []


Overfull \hbox (1.95964pt too wide) in paragraph at lines 804--804
[]|\T1/Crimson-TLF/m/n/12 1989| 
 []


Overfull \hbox (6.37804pt too wide) in paragraph at lines 806--806
[]|\T1/Crimson-TLF/m/n/12 -9999| 
 []

[56] [57] [58]
Overfull \hbox (4.68707pt too wide) in paragraph at lines 883--883
[]|\T1/Crimson-TLF/m/n/12 -26| 
 []


Overfull \hbox (4.68707pt too wide) in paragraph at lines 884--884
[]|\T1/Crimson-TLF/m/n/12 -26| 
 []

[59]
Overfull \hbox (3.84282pt too wide) in paragraph at lines 911--911
[]|\T1/Crimson-TLF/m/n/12 Month| 
 []


Overfull \hbox (0.99736pt too wide) in paragraph at lines 943--943
[]|\T1/Crimson-TLF/m/n/12 Month| 
 []


Overfull \hbox (0.99736pt too wide) in paragraph at lines 950--950
[]|\T1/Crimson-TLF/m/n/12 Month| 
 []

[60] [61]
Overfull \hbox (0.99736pt too wide) in paragraph at lines 986--986
[]|\T1/Crimson-TLF/m/n/12 Month| 
 []


Overfull \hbox (2.11218pt too wide) in paragraph at lines 986--986
[]|\T1/Crimson-TLF/m/n/12 Nsamp| 
 []

[62]
Overfull \hbox (9.48906pt too wide) in paragraph at lines 1018--1024
 [] 
 []

[63]
Overfull \hbox (3.84282pt too wide) in paragraph at lines 1046--1046
[]|\T1/Crimson-TLF/m/n/12 Month| 
 []


Overfull \hbox (0.5835pt too wide) in paragraph at lines 1043--1057
 [] 
 []

[64]) (9control.tex [65] [66] [67] [68] [69] [70] [71] [72] [73]
Overfull \hbox (170.71654pt too wide) in paragraph at lines 256--256
[]|$[]$|  
 []


Overfull \vbox (3.48065pt too high) detected at line 256
 []

[74]
Overfull \hbox (227.62204pt too wide) in paragraph at lines 286--286
[]|$[]$|  
 []


Overfull \vbox (9.48059pt too high) detected at line 286
 []


Overfull \vbox (27.5pt too high) detected at line 294
 []


Overfull \vbox (13.0pt too high) detected at line 298
 []

[75] [76] [77]
Overfull \hbox (0.14948pt too wide) in alignment at lines 359--363
 [] [] [] 
 []


Overfull \hbox (0.14948pt too wide) in alignment at lines 363--368
 [] [] [] 
 []


Overfull \hbox (0.14948pt too wide) in alignment at lines 368--371
 [] [] [] 
 []


Overfull \hbox (0.14948pt too wide) in alignment at lines 371--373
 [] [] [] 
 []


Overfull \hbox (0.14948pt too wide) in alignment at lines 373--400
 [] [] [] 
 []

[78] [79]
Overfull \hbox (5.67322pt too wide) in paragraph at lines 449--449
[]|[]\T1/Crimson-TLF/m/n/12 1.66| 
 []


Overfull \hbox (5.67322pt too wide) in paragraph at lines 455--455
[]|[]\T1/Crimson-TLF/m/n/12 0.20| 
 []

[80]
Overfull \hbox (7.26266pt too wide) in alignment at lines 485--489
 [] [] [] 
 []


Overfull \hbox (7.26266pt too wide) in alignment at lines 489--494
 [] [] [] 
 []


Overfull \hbox (7.26266pt too wide) in alignment at lines 494--497
 [] [] [] 
 []


Overfull \hbox (7.26266pt too wide) in alignment at lines 497--499
 [] [] [] 
 []


Overfull \hbox (7.26266pt too wide) in alignment at lines 499--525
 [] [] [] 
 []

[81]
Overfull \hbox (7.26266pt too wide) in alignment at lines 529--533
 [] [] [] 
 []


Overfull \hbox (7.26266pt too wide) in alignment at lines 533--538
 [] [] [] 
 []


Overfull \hbox (7.26266pt too wide) in alignment at lines 538--541
 [] [] [] 
 []


Overfull \hbox (7.26266pt too wide) in alignment at lines 541--543
 [] [] [] 
 []


Overfull \hbox (7.26266pt too wide) in alignment at lines 543--562
 [] [] [] 
 []

[82]
Overfull \hbox (7.26266pt too wide) in alignment at lines 567--571
 [] [] [] 
 []


Overfull \hbox (7.26266pt too wide) in alignment at lines 571--576
 [] [] [] 
 []


Overfull \hbox (7.26266pt too wide) in alignment at lines 576--579
 [] [] [] 
 []


Overfull \hbox (7.26266pt too wide) in alignment at lines 579--581
 [] [] [] 
 []


Overfull \hbox (7.26266pt too wide) in alignment at lines 581--588
 [] [] [] 
 []

[83]
Overfull \hbox (19.80399pt too wide) in paragraph at lines 624--624
[]|\T1/Crimson-TLF/m/n/12 Parameter| 
 []


Overfull \hbox (19.80399pt too wide) in paragraph at lines 629--629
[]|\T1/Crimson-TLF/m/n/12 Parameter| 
 []

[84] [85] [86]
Overfull \hbox (5.4712pt too wide) in alignment at lines 731--736
 [] [] [] [] [] [] [] 
 []


Overfull \hbox (5.4712pt too wide) in alignment at lines 736--742
 [] [] [] [] [] [] [] 
 []


Overfull \hbox (5.4712pt too wide) in alignment at lines 742--745
 [] [] [] [] [] [] [] 
 []


Overfull \hbox (5.4712pt too wide) in alignment at lines 745--747
 [] [] [] [] [] [] [] 
 []


Overfull \hbox (5.4712pt too wide) in alignment at lines 747--769
 [] [] [] [] [] [] [] 
 []

[87]
Overfull \hbox (5.4712pt too wide) in alignment at lines 769--782
 [] [] [] [] [] [] [] 
 []

[88]
Overfull \hbox (4.10593pt too wide) in paragraph at lines 804--804
[]|\T1/Crimson-TLF/m/n/12 INIT| 
 []


Overfull \hbox (1.82079pt too wide) in alignment at lines 800--806
 [] [] [] [] [] [] [] [] 
 []


Overfull \hbox (4.10593pt too wide) in paragraph at lines 810--810
[]|\T1/Crimson-TLF/m/n/12 INIT| 
 []


Overfull \hbox (1.82079pt too wide) in alignment at lines 806--812
 [] [] [] [] [] [] [] [] 
 []


Overfull \hbox (1.82079pt too wide) in alignment at lines 812--814
 [] [] [] [] [] [] [] [] 
 []


Overfull \hbox (1.82079pt too wide) in alignment at lines 814--816
 [] [] [] [] [] [] [] [] 
 []


Overfull \hbox (1.82079pt too wide) in alignment at lines 816--822
 [] [] [] [] [] [] [] [] 
 []

[89] [90] [91] [92]
Underfull \vbox (badness 10000) detected at line 955
 []

[93] [94] [95] [96] [97] [98] [99] [100] [101]
<images/10_bias.png, id=1591, 286.06876pt x 224.33812pt>
File: images/10_bias.png Graphic file (type png)
<use images/10_bias.png>
Package pdftex.def Info: images/10_bias.png  used on input line 1189.
(pdftex.def)             Requested size: 286.06805pt x 224.33757pt.
 [102] [103 <./images/10_bias.png>] [104] [105] [106] [107]
Overfull \hbox (1.20258pt too wide) in alignment at lines 1320--1329
 [] [] [] [] [] [] [] 
 []


Overfull \hbox (3.24391pt too wide) in alignment at lines 1332--1336
 [] [] [] [] [] [] [] [] 
 []


Overfull \hbox (3.24391pt too wide) in alignment at lines 1336--1341
 [] [] [] [] [] [] [] [] 
 []


Overfull \hbox (3.24391pt too wide) in alignment at lines 1341--1344
 [] [] [] [] [] [] [] [] 
 []


Overfull \hbox (3.24391pt too wide) in alignment at lines 1344--1345
 [] [] [] [] [] [] [] [] 
 []


Overfull \hbox (3.24391pt too wide) in alignment at lines 1345--1350
 [] [] [] [] [] [] [] [] 
 []


Overfull \hbox (1.20258pt too wide) in alignment at lines 1357--1367
 [] [] [] [] [] [] [] 
 []


Overfull \hbox (3.24391pt too wide) in alignment at lines 1370--1375
 [] [] [] [] [] [] [] [] 
 []


Overfull \hbox (3.24391pt too wide) in alignment at lines 1375--1378
 [] [] [] [] [] [] [] [] 
 []


Overfull \hbox (3.24391pt too wide) in alignment at lines 1378--1379
 [] [] [] [] [] [] [] [] 
 []


Overfull \hbox (3.24391pt too wide) in alignment at lines 1379--1386
 [] [] [] [] [] [] [] [] 
 []

[108] [109] [110]
Overfull \hbox (2.80989pt too wide) in alignment at lines 1429--1446
 [] [] [] [] [] 
 []


Underfull \vbox (badness 10000) detected at line 1446
 []

[111]
Underfull \vbox (badness 10000) detected at line 1538
 []

[112] [113]
Underfull \vbox (badness 10000) detected at line 1577
 []

[114] [115] [116] [117] [118]
<images/DoubleNormal.png, id=1728, 313.9228pt x 228.855pt>
File: images/DoubleNormal.png Graphic file (type png)
<use images/DoubleNormal.png>
Package pdftex.def Info: images/DoubleNormal.png  used on input line 1704.
(pdftex.def)             Requested size: 313.92203pt x 228.85443pt.
 [119 <./images/DoubleNormal.png>] [120]
<images/ExpLogistic.png, id=1741, 367.3725pt x 218.31563pt>
File: images/ExpLogistic.png Graphic file (type png)
<use images/ExpLogistic.png>
Package pdftex.def Info: images/ExpLogistic.png  used on input line 1740.
(pdftex.def)             Requested size: 367.37158pt x 218.31508pt.
 [121 <./images/ExpLogistic.png>]
<images/CubicSpline.png, id=1750, 344.78813pt x 237.13594pt>
File: images/CubicSpline.png Graphic file (type png)
<use images/CubicSpline.png>
Package pdftex.def Info: images/CubicSpline.png  used on input line 1768.
(pdftex.def)             Requested size: 344.78728pt x 237.13535pt.
 [122 <./images/CubicSpline.png>]
Overfull \hbox (1.69003pt too wide) in paragraph at lines 1798--1798
[]|\T1/Crimson-TLF/m/n/12 -0.001| 
 []

[123] [124]
Underfull \vbox (badness 10000) detected at line 1888
 []


Overfull \hbox (1.69003pt too wide) in paragraph at lines 1905--1905
[]|\T1/Crimson-TLF/m/n/12 -0.001| 
 []

[125]
Underfull \vbox (badness 10000) detected at line 1936
 []


Overfull \hbox (1.69003pt too wide) in paragraph at lines 1954--1954
[]|\T1/Crimson-TLF/m/n/12 -0.001| 
 []

[126] [127] [128]
Overfull \hbox (6.27397pt too wide) in alignment at lines 2041--2046
 [] [] [] [] [] [] 
 []


Overfull \hbox (6.27397pt too wide) in alignment at lines 2046--2051
 [] [] [] [] [] [] 
 []


Overfull \hbox (6.27397pt too wide) in alignment at lines 2051--2056
 [] [] [] [] [] [] 
 []

[129]
Overfull \hbox (4.816pt too wide) in paragraph at lines 2066--2066
[]|\T1/Crimson-TLF/m/n/12 PRIOR| 
 []


Overfull \hbox (4.816pt too wide) in paragraph at lines 2067--2067
[]|\T1/Crimson-TLF/m/n/12 PRIOR| 
 []


Overfull \hbox (0.83676pt too wide) in paragraph at lines 2067--2067
[]|\T1/Crimson-TLF/m/n/12 PHASE| 
 []


Overfull \hbox (1.82164pt too wide) in alignment at lines 2063--2072
 [] [] [] [] [] [] [] [] 
 []


Overfull \hbox (0.54517pt too wide) in paragraph at lines 2090--2090
[]|\T1/Crimson-TLF/m/n/12 Len(1)/| 
 []


Overfull \hbox (2.49641pt too wide) in paragraph at lines 2090--2090
[]|\T1/Crimson-TLF/m/n/12 Before| 
 []


Overfull \hbox (0.60883pt too wide) in paragraph at lines 2091--2091
[]|\T1/Crimson-TLF/m/n/12 Range| 
 []


Overfull \hbox (0.60883pt too wide) in paragraph at lines 2091--2092
[]|\T1/Crimson-TLF/m/n/12 Range[]| 
 []


Overfull \hbox (0.83676pt too wide) in paragraph at lines 2100--2100
[]|\T1/Crimson-TLF/m/n/12 PHASE| 
 []


Overfull \hbox (7.94568pt too wide) in alignment at lines 2079--2108
 [] [] [] [] [] [] [] [] [] [] [] 
 []

[130] [131] [132] [133] [134]
Overfull \hbox (39.48906pt too wide) in paragraph at lines 2268--2278
[][]  
 []

[135] [136] [137] [138]
Underfull \vbox (badness 10000) detected at line 2439
 []

[139]

LaTeX Warning: Command \textquoteright invalid in math mode on input line 2443.


[140] [141] [142] [143]
<images/Beta.png, id=1903, 356.83313pt x 318.43968pt>
File: images/Beta.png Graphic file (type png)
<use images/Beta.png>
Package pdftex.def Info: images/Beta.png  used on input line 2562.
(pdftex.def)             Requested size: 356.83224pt x 318.4389pt.
 [144 <./images/Beta.png>]
<images/BetaComparison.png, id=1911, 368.1253pt x 335.75438pt>
File: images/BetaComparison.png Graphic file (type png)
<use images/BetaComparison.png>
Package pdftex.def Info: images/BetaComparison.png  used on input line 2591.
(pdftex.def)             Requested size: 368.1244pt x 335.75356pt.
 [145 <./images/BetaComparison.png>]) (10optional_inputs.tex [146] [147] [148])
 (11likelihoods.tex
Underfull \vbox (badness 10000) detected at line 32
 []

[149]) (12runningSS.tex [150]
LaTeX Font Info:    Try loading font information for T1+lmtt on input line 9.

("C:\Program Files (x86)\MiKTeX 2.9\tex\latex\lm\t1lmtt.fd"
File: t1lmtt.fd 2009/10/30 v1.6 Font defs for Latin Modern
) [151] [152]
Overfull \hbox (23.71542pt too wide) in alignment at lines 108--118
 [] [] 
 []


Overfull \hbox (10.3949pt too wide) in paragraph at lines 131--131
 []\T1/lmtt/m/n/12 copy /Y runnumber.zero runnumber.ss  % so you will start wit
h runnumber=0[] 
 []

[153] [154] [155]) (13output.tex [156] [157] [158] [159] [160] [161] [162]
[163] [164]
<images/ManagementReport.png, id=2024, 414.04688pt x 432.11438pt>
File: images/ManagementReport.png Graphic file (type png)
<use images/ManagementReport.png>
Package pdftex.def Info: images/ManagementReport.png  used on input line 259.
(pdftex.def)             Requested size: 414.04585pt x 432.11331pt.
 [165] [166 <./images/ManagementReport.png>]
<images/Forecast.png, id=2033, 650.43pt x 295.1025pt>
File: images/Forecast.png Graphic file (type png)
<use images/Forecast.png>
Package pdftex.def Info: images/Forecast.png  used on input line 267.
(pdftex.def)             Requested size: 650.4284pt x 295.10176pt.

Overfull \hbox (29.9984pt too wide) in paragraph at lines 267--268
 [] 
 []

[167

 <./images/Forecast.png>] [168

]
<images/HCR.png, id=2042, 417.81094pt x 283.0575pt>
File: images/HCR.png Graphic file (type png)
<use images/HCR.png>
Package pdftex.def Info: images/HCR.png  used on input line 305.
(pdftex.def)             Requested size: 417.80992pt x 283.0568pt.
 [169 <./images/HCR.png>] [170] [171]
[172] [173] [174]) (14r4ss.tex [175]
<images/r4ss_output.png, id=2072, 423.83344pt x 557.08125pt>
File: images/r4ss_output.png Graphic file (type png)
<use images/r4ss_output.png>
Package pdftex.def Info: images/r4ss_output.png  used on input line 51.
(pdftex.def)             Requested size: 423.83238pt x 557.0799pt.
 [176 <./images/r4ss_output.png>]
<images/r4ss_plots.png, id=2078, 433.62pt x 432.86719pt>
File: images/r4ss_plots.png Graphic file (type png)
<use images/r4ss_plots.png>
Package pdftex.def Info: images/r4ss_plots.png  used on input line 57.
(pdftex.def)             Requested size: 433.61894pt x 432.86612pt.
 [177 <./images/r4ss_plots.png>]
Underfull \vbox (badness 10000) detected at line 89
 []

[178] [179]) (15special.tex [180] [181]) (16changelog.tex) [182]
(SS330_User_Manual.bbl) [183] (17appendixA.tex
<images/appendixA_recruits.png, id=2116, 459.96844pt x 388.45125pt>
File: images/appendixA_recruits.png Graphic file (type png)
<use images/appendixA_recruits.png>
Package pdftex.def Info: images/appendixA_recruits.png  used on input line 5.
(pdftex.def)             Requested size: 459.96732pt x 388.45029pt.

Overfull \hbox (20.2123pt too wide) in paragraph at lines 5--5
[][]  
 []

[184 <./images/appendixA_recruits.png>]
<images/appendixA_logdevs.png, id=2123, 432.86719pt x 264.99pt>
File: images/appendixA_logdevs.png Graphic file (type png)
<use images/appendixA_logdevs.png>
Package pdftex.def Info: images/appendixA_logdevs.png  used on input line 8.
(pdftex.def)             Requested size: 432.86612pt x 264.98935pt.
 [185 <./images/appendixA_logdevs.png>]
[186]
<images/appendixA_asymerror.png, id=2137, 433.62pt x 280.79906pt>
File: images/appendixA_asymerror.png Graphic file (type png)
<use images/appendixA_asymerror.png>
Package pdftex.def Info: images/appendixA_asymerror.png  used on input line 30.

(pdftex.def)             Requested size: 433.61894pt x 280.79837pt.
 [187 <./images/appendixA_asymerror.png>]
<images/appendixA_biasadj.png, id=2143, 432.86719pt x 265.74281pt>
File: images/appendixA_biasadj.png Graphic file (type png)
<use images/appendixA_biasadj.png>
Package pdftex.def Info: images/appendixA_biasadj.png  used on input line 33.
(pdftex.def)             Requested size: 432.86612pt x 265.74216pt.
<images/appendixA_depl.png, id=2146, 433.62pt x 309.40594pt>
File: images/appendixA_depl.png Graphic file (type png)
<use images/appendixA_depl.png>
Package pdftex.def Info: images/appendixA_depl.png  used on input line 36.
(pdftex.def)             Requested size: 433.61894pt x 309.40518pt.
 [188 <./images/appendixA_biasadj.png>] [189 <./images/appendixA_depl.png>]) (1
8appendixB.tex [190]
<images/appendixB_sstune.png, id=2167, 767.86874pt x 171.64125pt>
File: images/appendixB_sstune.png Graphic file (type png)
<use images/appendixB_sstune.png>
Package pdftex.def Info: images/appendixB_sstune.png  used on input line 32.
(pdftex.def)             Requested size: 460.7248pt x 102.98552pt.
 [191]
<images/appendixB_McAllister_Ianelli.png, id=2175, 1957.3125pt x 1505.625pt>
File: images/appendixB_McAllister_Ianelli.png Graphic file (type png)
<use images/appendixB_McAllister_Ianelli.png>
Package pdftex.def Info: images/appendixB_McAllister_Ianelli.png  used on input
 line 40.
(pdftex.def)             Requested size: 489.32693pt x 376.40533pt.

Overfull \hbox (19.57191pt too wide) in paragraph at lines 40--40
 [] 
 []

[192 <./images/appendixB_sstune.png> <./images/appendixB_McAllister_Ianelli.png
>]
<images/appendixB_Francis.png, id=2182, 1957.3125pt x 1505.625pt>
File: images/appendixB_Francis.png Graphic file (type png)
<use images/appendixB_Francis.png>
Package pdftex.def Info: images/appendixB_Francis.png  used on input line 60.
(pdftex.def)             Requested size: 489.32693pt x 376.40533pt.

Overfull \hbox (19.57191pt too wide) in paragraph at lines 60--60
 [] 
 []

[193] [194 <./images/appendixB_Francis.png>]
<images/appendixB_DM_setup.png, id=2198, 514.92375pt x 79.04532pt>
File: images/appendixB_DM_setup.png Graphic file (type png)
<use images/appendixB_DM_setup.png>
Package pdftex.def Info: images/appendixB_DM_setup.png  used on input line 81.
(pdftex.def)             Requested size: 386.19186pt x 59.28383pt.
<images/appendixB_DM_parameters.png, id=2199, 654.94687pt x 100.12407pt>
File: images/appendixB_DM_parameters.png Graphic file (type png)
<use images/appendixB_DM_parameters.png>
Package pdftex.def Info: images/appendixB_DM_parameters.png  used on input line
 100.
(pdftex.def)             Requested size: 458.45969pt x 70.08635pt.

Overfull \hbox (18.07936pt too wide) in paragraph at lines 100--100
 [] 
 []

[195 <./images/appendixB_DM_setup.png> <./images/appendixB_DM_parameters.png>]
<images/appendixB_DM_output.png, id=2204, 440.39531pt x 96.36pt>
File: images/appendixB_DM_output.png Graphic file (type png)
<use images/appendixB_DM_output.png>
Package pdftex.def Info: images/appendixB_DM_output.png  used on input line 109
.
(pdftex.def)             Requested size: 440.39423pt x 96.35974pt.
<images/appendixB_DM.png, id=2205, 363.3575pt x 394.47375pt>
File: images/appendixB_DM.png Graphic file (type png)
<use images/appendixB_DM.png>
Package pdftex.def Info: images/appendixB_DM.png  used on input line 119.
(pdftex.def)             Requested size: 363.3566pt x 394.47278pt.

[196 <./images/appendixB_DM_output.png>]) (19appendixC.tex [197 <./images/appen
dixB_DM.png>] [198] [199] [200]
Overfull \hbox (1.79147pt too wide) in paragraph at lines 95--95
[]|\T1/Crimson-TLF/m/n/12 A1| 
 []


Overfull \hbox (1.69003pt too wide) in paragraph at lines 95--95
[]|\T1/Crimson-TLF/m/n/12 -0.126| 
 []


Overfull \hbox (1.79147pt too wide) in paragraph at lines 95--95
[]|\T1/Crimson-TLF/m/n/12 A2| 
 []


Overfull \hbox (1.42787pt too wide) in paragraph at lines 96--96
[]|\T1/Crimson-TLF/m/n/12 B1| 
 []


Overfull \hbox (1.42787pt too wide) in paragraph at lines 96--96
[]|\T1/Crimson-TLF/m/n/12 B2| 
 []


Overfull \hbox (2.34227pt too wide) in paragraph at lines 97--97
[]|\T1/Crimson-TLF/m/n/12 C1| 
 []


Overfull \hbox (2.34227pt too wide) in paragraph at lines 97--97
[]|\T1/Crimson-TLF/m/n/12 C2| 
 []


Overfull \hbox (2.76468pt too wide) in paragraph at lines 98--98
[]|\T1/Crimson-TLF/m/n/12 D1| 
 []


Overfull \hbox (2.76468pt too wide) in paragraph at lines 98--98
[]|\T1/Crimson-TLF/m/n/12 D2| 
 []


Overfull \hbox (4.66621pt too wide) in alignment at lines 88--100
 [] [] [] [] [] [] [] [] 
 []


Underfull \vbox (badness 10000) detected at line 100
 []

[201]) (20appendixD.tex [202]
Overfull \hbox (52.99498pt too wide) in paragraph at lines 65--65
[] \T1/lmtt/m/n/8 FUNCTION void get_age_age(const int Keynum, const int AgeKey_
StartAge, const int AgeKey_Linear1, const int AgeKey_Linear2)[] 
 []

[203] [204]
Overfull \hbox (31.74498pt too wide) in paragraph at lines 185--185
[] \T1/lmtt/m/n/8 N_warn++; warning<<" selex pattern 41; value for high bin is 
greater than "<<nages<<", so set to "<<nages<<" "<<endl;[] 
 []

[205] [206]
Overfull \hbox (31.74498pt too wide) in paragraph at lines 245--245
[]\T1/lmtt/m/n/8 splineX(i)=value(sp(i+3+scaling_offset)); // "value" required 
to avoid error, but values should be always fixed anyway[] 
 []


Overfull \hbox (57.24498pt too wide) in paragraph at lines 245--245
[]\T1/lmtt/m/n/8 vcubic_spline_function splinefn=vcubic_spline_function(splineX
(1,k),splineY(1,k),sp(2+scaling_offset),sp(3+scaling_offset));[] 
 []


Overfull \hbox (27.49498pt too wide) in paragraph at lines 245--245
[]\T1/lmtt/m/n/8 N_warn++; warning<<" selex pattern 42; value for high bin is g
reater than "<<nages<<", so set to "<<nages<<" "<<endl;[] 
 []

[207]) [208]
Package atveryend Info: Empty hook `BeforeClearDocument' on input line 185.
Package atveryend Info: Empty hook `AfterLastShipout' on input line 185.
 (SS330_User_Manual.aux)
Package atveryend Info: Executing hook `AtVeryEndDocument' on input line 185.
Package atveryend Info: Executing hook `AtEndAfterFileList' on input line 185.
Package rerunfilecheck Info: File `SS330_User_Manual.out' has not changed.
(rerunfilecheck)             Checksum: B0C1C70A49573A717C6B69AB4E8F86F6;10826.


LaTeX Font Warning: Some font shapes were not available, defaults substituted.

Package atveryend Info: Empty hook `AtVeryVeryEnd' on input line 185.
 )
(\end occurred inside a group at level 1)

### simple group (level 1) entered at line 115 ({)
### bottom level 
Here is how much of TeX's memory you used:
 20877 strings out of 492973
 351714 string characters out of 3133266
 559044 words of memory out of 3000000
 23542 multiletter control sequences out of 15000+200000
 818307 words of font info for 91 fonts, out of 3000000 for 9000
 1141 hyphenation exceptions out of 8191
 41i,17n,63p,1675b,643s stack positions out of 5000i,500n,10000p,200000b,50000s
pdfTeX warning (dest): name{time-vary} has been referenced but 
does not exist, replaced by a fixed one

pdfTeX warning (dest): name{WAAparm} has been referenced but does not exist, re
placed by a fixed one

{C:/Program Files (x86)/MiKTeX 2.9/fonts/enc/dvips/lm/lm-ec.enc}{C:/Program Fil
es (x86)/MiKTeX 2.9/fonts/enc/dvips/lm/lm-rm.enc}{C:/Program Files (x86)/MiKTeX
 2.9/fonts/enc/dvips/lm/lm-mathsy.enc}{C:/Program Files (x86)/MiKTeX 2.9/fonts/
enc/dvips/lm/lm-mathit.enc}{C:/Program Files (x86)/MiKTeX 2.9/fonts/enc/dvips/l
m/lm-mathex.enc}{C:/Users/Chantel.Wetzel/Documents/MiKTeX 2.9/fonts/enc/dvips/r
oboto/rbto_idpkzy.enc}{C:/Users/Chantel.Wetzel/Documents/MiKTeX 2.9/fonts/enc/d
vips/crimson/crm_axwm4k.enc}{C:/Users/Chantel.Wetzel/Documents/MiKTeX 2.9/fonts
/enc/dvips/crimson/crm_tyw3ea.enc}{C:/Users/Chantel.Wetzel/Documents/MiKTeX 2.9
/fonts/enc/dvips/crimson/crm_izufyi.enc}{C:/Users/Chantel.Wetzel/Documents/MiKT
eX 2.9/fonts/enc/dvips/crimson/crm_fllea6.enc}<C:/Users/Chantel.Wetzel/Document
s/MiKTeX 2.9/fonts/type1/kosch/crimson/Crimson-Bold.pfb><C:/Users/Chantel.Wetze
l/Documents/MiKTeX 2.9/fonts/type1/kosch/crimson/Crimson-Italic.pfb><C:/Users/C
hantel.Wetzel/Documents/MiKTeX 2.9/fonts/type1/kosch/crimson/Crimson-Roman.pfb>
<C:/Users/Chantel.Wetzel/Documents/MiKTeX 2.9/fonts/type1/google/roboto/Roboto-
Bold.pfb><C:/Users/Chantel.Wetzel/Documents/MiKTeX 2.9/fonts/type1/google/robot
o/RobotoCondensed-Regular.pfb><C:/Program Files (x86)/MiKTeX 2.9/fonts/type1/pu
blic/lm/lmbx12.pfb><C:/Program Files (x86)/MiKTeX 2.9/fonts/type1/public/lm/lmb
x8.pfb><C:/Program Files (x86)/MiKTeX 2.9/fonts/type1/public/lm/lmex10.pfb><C:/
Program Files (x86)/MiKTeX 2.9/fonts/type1/public/lm/lmmi12.pfb><C:/Program Fil
es (x86)/MiKTeX 2.9/fonts/type1/public/lm/lmmi6.pfb><C:/Program Files (x86)/MiK
TeX 2.9/fonts/type1/public/lm/lmmi8.pfb><C:/Program Files (x86)/MiKTeX 2.9/font
s/type1/public/lm/lmr12.pfb><C:/Program Files (x86)/MiKTeX 2.9/fonts/type1/publ
ic/lm/lmr6.pfb><C:/Program Files (x86)/MiKTeX 2.9/fonts/type1/public/lm/lmr8.pf
b><C:/Program Files (x86)/MiKTeX 2.9/fonts/type1/public/lm/lmsy10.pfb><C:/Progr
am Files (x86)/MiKTeX 2.9/fonts/type1/public/lm/lmsy6.pfb><C:/Program Files (x8
6)/MiKTeX 2.9/fonts/type1/public/lm/lmsy8.pfb><C:/Program Files (x86)/MiKTeX 2.
9/fonts/type1/public/lm/lmtt12.pfb><C:/Program Files (x86)/MiKTeX 2.9/fonts/typ
e1/public/lm/lmtt8.pfb>
Output written on SS330_User_Manual.pdf (213 pages, 1841431 bytes).
PDF statistics:
 2545 PDF objects out of 2984 (max. 8388607)
 848 named destinations out of 1000 (max. 500000)
 1337 words of extra memory for PDF output out of 10000 (max. 10000000)

