\BOOKMARK [1][-]{section*.1}{Introduction}{}% 1
\BOOKMARK [1][-]{section*.2}{New Features Available in Version 3.30}{}% 2
\BOOKMARK [2][-]{section*.3}{SS v.3.24 Issues Detected}{section*.2}% 3
\BOOKMARK [1][-]{section*.4}{File Organization}{}% 4
\BOOKMARK [2][-]{section*.5}{Input Files}{section*.4}% 5
\BOOKMARK [2][-]{section*.6}{Output Files}{section*.4}% 6
\BOOKMARK [2][-]{section*.7}{Auxiliary Files}{section*.4}% 7
\BOOKMARK [1][-]{section*.8}{Starting SS}{}% 8
\BOOKMARK [1][-]{section*.9}{Converting Files from 3.24}{}% 9
\BOOKMARK [1][-]{section*.10}{Starter File}{}% 10
\BOOKMARK [2][-]{section*.11}{Jitter}{section*.10}% 11
\BOOKMARK [1][-]{section*.12}{Forecast File}{}% 12
\BOOKMARK [2][-]{section*.13}{Terminology}{section*.12}% 13
\BOOKMARK [2][-]{section*.14}{Benchmark Calculations}{section*.12}% 14
\BOOKMARK [2][-]{section*.21}{Forecast Recruitment Adjustment}{section*.12}% 15
\BOOKMARK [1][-]{section*.22}{Data File}{}% 16
\BOOKMARK [2][-]{section*.23}{Overview of Data File}{section*.22}% 17
\BOOKMARK [2][-]{section*.24}{Units of Measure}{section*.22}% 18
\BOOKMARK [2][-]{section*.25}{Time Units}{section*.22}% 19
\BOOKMARK [3][-]{section*.26}{Seasons}{section*.25}% 20
\BOOKMARK [3][-]{section*.27}{Subseasons and Timing of events in SS v.3.30}{section*.25}% 21
\BOOKMARK [2][-]{section*.28}{Terminology}{section*.22}% 22
\BOOKMARK [2][-]{section*.29}{Model Dimensions}{section*.22}% 23
\BOOKMARK [3][-]{section*.30}{Season Length and Time Steps}{section*.29}% 24
\BOOKMARK [2][-]{section*.31}{Fleet Definitions }{section*.22}% 25
\BOOKMARK [2][-]{section*.37}{Optional Bycatch Fleets}{section*.22}% 26
\BOOKMARK [2][-]{section*.44}{Catch}{section*.22}% 27
\BOOKMARK [3][-]{section*.45}{Bycatch}{section*.44}% 28
\BOOKMARK [2][-]{section*.46}{Indices}{section*.22}% 29
\BOOKMARK [2][-]{section*.51}{Discard}{section*.22}% 30
\BOOKMARK [2][-]{section*.56}{Mean Body Weight or Length}{section*.22}% 31
\BOOKMARK [2][-]{section*.61}{Population Length Bins}{section*.22}% 32
\BOOKMARK [2][-]{section*.71}{Dirichlet Parameter Number and Effective Sample Sizes}{section*.22}% 33
\BOOKMARK [2][-]{section*.72}{Length Composition Data}{section*.22}% 34
\BOOKMARK [2][-]{section*.77}{Age Composition Option}{section*.22}% 35
\BOOKMARK [3][-]{section*.78}{Age Composition Bins}{section*.77}% 36
\BOOKMARK [3][-]{section*.79}{Ageing Error}{section*.77}% 37
\BOOKMARK [2][-]{section*.82}{Conditional Age-at-Length}{section*.22}% 38
\BOOKMARK [2][-]{section*.83}{Mean Length or Body Weight-at-Age}{section*.22}% 39
\BOOKMARK [2][-]{section*.85}{Environmental Data}{section*.22}% 40
\BOOKMARK [2][-]{section*.87}{Generalized Size Composition Data}{section*.22}% 41
\BOOKMARK [2][-]{section*.89}{Tag-Recapture Data}{section*.22}% 42
\BOOKMARK [2][-]{section*.91}{Stock Composition Data}{section*.22}% 43
\BOOKMARK [2][-]{section*.93}{Selectivity Empirical Data}{section*.22}% 44
\BOOKMARK [2][-]{section*.94}{Excluding Data}{section*.22}% 45
\BOOKMARK [2][-]{section*.95}{Data Super-Periods}{section*.22}% 46
\BOOKMARK [1][-]{section*.96}{Control File}{}% 47
\BOOKMARK [2][-]{section*.97}{Overview of Control File}{section*.96}% 48
\BOOKMARK [2][-]{section*.98}{Parameter Line Elements}{section*.96}% 49
\BOOKMARK [2][-]{section*.99}{Terminology}{section*.96}% 50
\BOOKMARK [2][-]{section*.100}{Beginning of Control File Inputs}{section*.96}% 51
\BOOKMARK [3][-]{section*.101}{Empirical Weight-at-Age}{section*.100}% 52
\BOOKMARK [3][-]{section*.102}{Recruitment Timing and Distribution}{section*.100}% 53
\BOOKMARK [3][-]{section*.105}{Movement}{section*.100}% 54
\BOOKMARK [3][-]{section*.106}{Time Blocks}{section*.100}% 55
\BOOKMARK [3][-]{section*.107}{Time-varying Parameter Controls}{section*.100}% 56
\BOOKMARK [2][-]{section*.108}{Biology}{section*.96}% 57
\BOOKMARK [3][-]{section*.109}{Natural Mortality}{section*.108}% 58
\BOOKMARK [3][-]{section*.110}{Growth}{section*.108}% 59
\BOOKMARK [3][-]{section*.116}{Maturity-Fecundity}{section*.108}% 60
\BOOKMARK [3][-]{section*.117}{Hermaphroditism}{section*.108}% 61
\BOOKMARK [3][-]{section*.118}{Parameter offset method}{section*.108}% 62
\BOOKMARK [3][-]{section*.119}{Catch Multiplier}{section*.108}% 63
\BOOKMARK [3][-]{section*.120}{Ageing Error Parameters}{section*.108}% 64
\BOOKMARK [3][-]{section*.121}{Sex ratio}{section*.108}% 65
\BOOKMARK [3][-]{section*.122}{Read Biology Parameters}{section*.108}% 66
\BOOKMARK [3][-]{section*.123}{Time-Varying Biology Parameters}{section*.108}% 67
\BOOKMARK [3][-]{section*.124}{Seasonal Biology Parameters}{section*.108}% 68
\BOOKMARK [2][-]{section*.125}{Spawner-Recruitment}{section*.96}% 69
\BOOKMARK [3][-]{section*.126}{Spawner-Recruitment Function}{section*.125}% 70
\BOOKMARK [3][-]{section*.134}{Recruitment Eras}{section*.125}% 71
\BOOKMARK [3][-]{section*.135}{Recruitment Likelihood with Bias Adjustment}{section*.125}% 72
\BOOKMARK [3][-]{section*.136}{Recruitment Autocorrelation}{section*.125}% 73
\BOOKMARK [3][-]{section*.137}{Recruitment Cycle}{section*.125}% 74
\BOOKMARK [3][-]{section*.138}{Initial Age Composition}{section*.125}% 75
\BOOKMARK [2][-]{section*.139}{Fishing Mortality Method}{section*.96}% 76
\BOOKMARK [3][-]{section*.140}{Initial Fishing Mortality}{section*.139}% 77
\BOOKMARK [2][-]{section*.141}{Catchability}{section*.96}% 78
\BOOKMARK [2][-]{section*.142}{Selectivity and Discard}{section*.96}% 79
\BOOKMARK [3][-]{section*.144}{Reading the Selectivity and Retention Parameters}{section*.142}% 80
\BOOKMARK [3][-]{section*.145}{Selectivity Patterns}{section*.142}% 81
\BOOKMARK [3][-]{section*.147}{Selectivity Pattern Details}{section*.142}% 82
\BOOKMARK [3][-]{section*.167}{Retention}{section*.142}% 83
\BOOKMARK [3][-]{section*.168}{Discard Mortality}{section*.142}% 84
\BOOKMARK [3][-]{section*.169}{Male Selectivity}{section*.142}% 85
\BOOKMARK [3][-]{section*.170}{Dirichlet Multinomial Error for Data Weighting}{section*.142}% 86
\BOOKMARK [3][-]{section*.171}{Time-varying Options}{section*.142}% 87
\BOOKMARK [3][-]{section*.172}{Two-Dimensional Auto-Regressive Selectivity}{section*.142}% 88
\BOOKMARK [2][-]{section*.175}{Tag Recapture Parameters}{section*.96}% 89
\BOOKMARK [2][-]{section*.176}{Variance Adjustment Factors}{section*.96}% 90
\BOOKMARK [2][-]{section*.185}{Lambdas \(Emphasis Factors\)}{section*.96}% 91
\BOOKMARK [2][-]{section*.187}{Controls for Variance of Derived Quantities}{section*.96}% 92
\BOOKMARK [2][-]{section*.188}{Using Time-Varying Parameters}{section*.96}% 93
\BOOKMARK [2][-]{section*.194}{Parameter Priors}{section*.96}% 94
\BOOKMARK [1][-]{section*.195}{Optional Inputs}{}% 95
\BOOKMARK [2][-]{section*.196}{Empirical Weight-at-Age \(wtatage.ss\)}{section*.195}% 96
\BOOKMARK [2][-]{section*.199}{runnumbers.ss}{section*.195}% 97
\BOOKMARK [2][-]{section*.200}{profilevalues.ss}{section*.195}% 98
\BOOKMARK [1][-]{section*.201}{Likelihood components}{}% 99
\BOOKMARK [1][-]{section*.202}{Running SS}{}% 100
\BOOKMARK [2][-]{section*.203}{Command Line Interface}{section*.202}% 101
\BOOKMARK [3][-]{section*.204}{Example of DOS batch input file}{section*.203}% 102
\BOOKMARK [3][-]{section*.205}{Simple Batch}{section*.203}% 103
\BOOKMARK [3][-]{section*.206}{Complicated Batch}{section*.203}% 104
\BOOKMARK [3][-]{section*.207}{Batch Using PROFILEVALUES.SS}{section*.203}% 105
\BOOKMARK [3][-]{section*.208}{Re-Starting a Run}{section*.203}% 106
\BOOKMARK [2][-]{section*.209}{Debugging Tips}{section*.202}% 107
\BOOKMARK [2][-]{section*.210}{Keyboard Tips}{section*.202}% 108
\BOOKMARK [2][-]{section*.211}{Running MCMC}{section*.202}% 109
\BOOKMARK [1][-]{section*.212}{Output Files}{}% 110
\BOOKMARK [2][-]{section*.213}{Standard ADMB output files}{section*.212}% 111
\BOOKMARK [2][-]{section*.214}{SS Summary}{section*.212}% 112
\BOOKMARK [2][-]{section*.215}{SIS table}{section*.212}% 113
\BOOKMARK [2][-]{section*.216}{Derived Quantities}{section*.212}% 114
\BOOKMARK [3][-]{section*.217}{Virgin Spawning Biomass \(B0\) vs Unfished Spawning Biomass}{section*.216}% 115
\BOOKMARK [3][-]{section*.218}{Metric for Fishing Mortality}{section*.216}% 116
\BOOKMARK [3][-]{section*.219}{Equilibrium SPR}{section*.216}% 117
\BOOKMARK [3][-]{section*.220}{F std}{section*.216}% 118
\BOOKMARK [3][-]{section*.221}{F-at-Age}{section*.216}% 119
\BOOKMARK [3][-]{section*.222}{MSY and other Benchmark Items}{section*.216}% 120
\BOOKMARK [2][-]{section*.223}{Brief cumulative output}{section*.212}% 121
\BOOKMARK [2][-]{section*.224}{Output for Rebuilder Package}{section*.212}% 122
\BOOKMARK [2][-]{section*.225}{Bootstrap Data Files}{section*.212}% 123
\BOOKMARK [2][-]{section*.226}{Forecast and Reference Points}{section*.212}% 124
\BOOKMARK [2][-]{section*.227}{Main Output File, report.sso}{section*.212}% 125
\BOOKMARK [1][-]{section*.228}{Using R To View Model Output \(r4ss\)}{}% 126
\BOOKMARK [1][-]{section*.229}{Special Set-ups}{}% 127
\BOOKMARK [2][-]{section*.230}{Continuous seasonal recruitment}{section*.229}% 128
\BOOKMARK [1][-]{section*.231}{Change Log}{}% 129
\BOOKMARK [1][-]{section*.232}{Appendix A: Recruitment Variability and Bias \040Correction }{}% 130
\BOOKMARK [2][-]{section*.238}{Issues with Including Environmental Effects}{section*.232}% 131
\BOOKMARK [2][-]{section*.239}{Initial Age Composition}{section*.232}% 132
\BOOKMARK [1][-]{section*.240}{Appendix B: Data Weighting }{}% 133
\BOOKMARK [2][-]{section*.241}{Applying the methods}{section*.240}% 134
\BOOKMARK [3][-]{section*.242}{McAllister-Ianelli}{section*.241}% 135
\BOOKMARK [3][-]{section*.243}{Francis}{section*.241}% 136
\BOOKMARK [3][-]{section*.244}{Dirichlet-Multinomial}{section*.241}% 137
\BOOKMARK [1][-]{section*.245}{Appendix C: Forecast Module}{}% 138
\BOOKMARK [2][-]{section*.246}{Introduction}{section*.245}% 139
\BOOKMARK [2][-]{section*.247}{Multiple Pass Forecast}{section*.245}% 140
\BOOKMARK [2][-]{section*.248}{Example Effects on Correlations}{section*.245}% 141
\BOOKMARK [2][-]{section*.249}{Future Work}{section*.245}% 142
\BOOKMARK [1][-]{section*.250}{Appendix D: Code Examples}{}% 143
\BOOKMARK [2][-]{section*.251}{Ageing Error Estimation}{section*.250}% 144
\BOOKMARK [2][-]{section*.252}{Survival Based SRR Code}{section*.250}% 145
\BOOKMARK [2][-]{section*.253}{Random Walk Selectivity: Pattern 17}{section*.250}% 146
\BOOKMARK [2][-]{section*.254}{Cubic Spline Selectivity}{section*.250}% 147
\BOOKMARK [2][-]{section*.255}{Deviation Link}{section*.250}% 148
\BOOKMARK [1][-]{section*.256}{Appendix E: In Process and Wish List Items for Future Versions}{}% 149
\BOOKMARK [1][-]{section*.257}{Appendix F: Example Model Files}{}% 150
\BOOKMARK [2][-]{section*.258}{starter.ss}{section*.257}% 151
\BOOKMARK [2][-]{section*.259}{forecast.ss}{section*.257}% 152
\BOOKMARK [2][-]{section*.260}{data.ss}{section*.257}% 153
\BOOKMARK [2][-]{section*.261}{control.ss}{section*.257}% 154
